  129  git pull origin main
  130  git config pull.rebase false
  131  git config pull.rebase true
  132  git config pull.ff only
  133  git config --global user.email "hk84164@gmail.com"
  134  git config --global user.name "HKcode22"
  135  git push origin main
  136  git pull origin
  137  git pull origin main
  138  git config --global user.email "hk84164@gmail.com"
  139  git config --global user.name "HKcode22"
  140  git add .
  141  git commit -m "Committing changes"
  142  git pull origin main --allow-unrelated-histories
  143  git push origin main
  144  echo "# cs131" >> README.md
  145  git init
  146  git add README.md
  147  git commit -m "first commit"
  148  git config --global user.email "hk84164@gmail.com"
  149  git config --global user.name "HKcode22"
  150  git commit -m "first commit"
  151  git branch -M main
  152  git remote add origin git@github.com:HKcode22/cs131.git
  153  git push -u origin main
  154  rm -rf /path/to/your/repository
  155  rm -rf cs131
  156  git remote add origin git@github.com:HKcode22/cs131.git
  157  git remote remove origin
  158  git remote rm origin
  159  git remote -v
  160  git remote add origin git@github.com:HKcode22/cs131.git
  161  echo "# cs131" >> README.md
  162  git init
  163  git add README.md
  164  git commit -m "first commit"
  165  git branch -M main
  166  git remote add origin git@github.com:HKcode22/cs131.git
  167  git push -u origin main
  168  git remote remove origin
  169  ls
  170  cd cs131
  171  cd Desktop
  172  ls
  173  cp -r ~/Desktop/cs131 ~/cs131_backup
  174  ls ~/cs131_backup
  175  rm -r ~/Desktop/cs131
  176  rm -rf ~/Desktop/cs131
  177  ls
  178  wget www.github.com
  179  mkdir cs131
  180  cd cs131
  181  git init
  182  touch hamza.txt
  183  ls
  184  git status
  185  git add hamza.txt
  186  git status
  187  git commit -m "This is my first commit!"
  188  git branch
  189  git remote add origin https://github.com/cubeton/mynewrepository.git
  190  git remote -v
  191  git remote add origin git@github.com:HKcode22/cs131.git
  192  git remote -v
  193  git config --get-regexp remote.origin
  194  git remote add origin git@github.com:HKcode22/cs131.git
  195  git remote remove origin
  196  git remote rm origin
  197  git remote add origin git@github.com:HKcode22/cs131.git
  198  cd Desktop
  199  cd ..
  200  cd cs131
  201  cd ..
  202  ls
  203  rm -r ~/Desktop/cs131
  204  ls
  205  cp -r ~/Desktop/cs131 ~/cs131_backup
  206  ls ~/cs131_backup
  207  rm -r ~/Desktop/cs131
  208  ls
  209  mv cs131 ~/cs131_backup
  210  ls ~/Desktop
  211  mv cs131 ~/cs131_backup
  212  mkdir ~/cs131_backup
  213  mv ~/Desktop/cs131/* ~/cs131_backup/
  214  rmdir ~/Desktop/cs131
  215  rm -r ~/Desktop/cs131
  216  ls
  217  rm -r ~/Desktop/cs131
  218  ls
  219  rm -r ~/Desktop/cs131
  220  sudo rm -r ~/Desktop/cs131
  221  rm -rf ~/Desktop/cs131
  222  ls ~/Desktop
  223  mkdir Worksheet1
  224  cd Worksheet1
  225  git init
  226  touch hamza.txt
  227  ls
  228  git status
  229  git add hamza.txt
  230  git status
  231  git commit -m "This is my first commit!"
  232  git branch -M main
  233  git remote add origin git@github.com:HKcode22/cs131.git
  234  git push -u origin master
  235  git push -u origin main
  236  ls -al ~/.ssh
  237  ssh-add ~/.ssh/your-ssh-key
  238  ssh -T git@github.com
  239  cd ssh
  240  ls
  241  ls -ltr
  242  git commit -m "This is my first commit!"
  243  git remote add origin git@github.com:HKcode22/cs131.git
  244  git remote -v
  245  git remote remove origin
  246  git remote add origin git@github.com:HKcode22/cs131.git
  247  git push -u origin master
  248  git push -u origin main
  249  ls -al ~/.ssh
  250  ssh-add ~/.ssh/your-ssh-key
  251  chmod 600 ~/.ssh/your-ssh-key
  252  Host github.com
  253    IdentityFile ~/.ssh/your-ssh-key
  254  ssh -T git@github.com
  255  git remote -v
  256  cd ..
  257  rm -r Worksheet1
  258  ls
  259  rm -rf Worksheet1
  260  ls
  261  mkdir Worksheet1
  262  cd Worksheet1
  263  ls
  264  git init
  265  ls
  266  touch hamza.txt
  267  ls
  268  git status
  269  git add hamza.txt
  270  git satuts
  271  git status
  272  git commit -m "This is my first commit!"
  273  git remote add origin git@github.com:HKcode22/cs131.git
  274  git push -u origin master
  275  ssh -T git@github.com
  276  git remote -v
  277  git remote set-url origin git@github.com:HKcode22/cs131.git
  278  Host github.com
  279   IdentityFile ~/.ssh/id_rsa
  280  ssh -vT git@github.com
  281  ssh -i ~/.ssh/id_rsa -T git@github.com
  282  ls ~/.ssh
  283  ls
  284  git config --global user.email "hk84164@gmail.com"
  285  git config --global user.name "HKcode22"
  286  cd ~/.ssh && ssh-keygen
  287  cat id_rsa.pub
  288  git remote add origin git@github.com:HKcode22/cs131.git
  289  cd ..
  290  cd Worksheet1
  291  cd Desktop
  292  cd Worksheet1
  293  git remote add origin git@github.com:HKcode22/cs131.git
  294  git commit -m "Message"
  295  git push --set-upstream origin master
  296  history > cmds.log
  297  git add cmds.log
  298  git push cmds.log
  299  git status
  300  mv cmds.log Worksheet1/
  301  cd ..
  302  mkdir cs131
  303  cd cs131
  304  cd Worksheet1
  305  ls
  306  cd Worksheet1
  307  mkdir Worksheet1
  308  cd Worksheet1
  309  cd ..
  310  mv cmds.log Worksheet1/
  311  mv cmds.log cs131/Worksheet1/
  312  cd ..
  313  mv cmds.log cs131/Worksheet1/
  314  cd cs131
  315  history > cmds.log
  316  git add cmds.log
  317  git statust
  318  git status
  319  ls
  320  cd cs131
  321  git init
  322  mkdir Worksheet1
  323  cd Worksheet1
  324  history > cmds.log
  325  ls
  326  cd ..
  327  git add .
  328  ls
  329  git init
  330  git add .
  331  git status
  332  git remote add origin git@github.com:HKcode22/cs131_try.git
  333  git push --set-upstream origin master
  334  git remote add origin git@github.com:HKcode22/cs131_try.git
  335  git remote add origin git@github.com:HKcode22/cs131.git
  336  git push --set-upstream origin master
  337  git remote remove origin
  338  git remote add origin git@github.com:HKcode22/cs131.git
  339  git push --set-upstream origin master
  340  git branch -b
  341  git branch
  342  git add .
  343  git commit -m "Hi"
  344  git push origin hi
  345  git checkout -b master
  346  git init
  347  git add README.md
  348  git commit -m"Messege"
  349  git branch -M main
  350  git branch -M master
  351  git remote add origin git@github.com:HKcode22/cs13.git
  352  git remote remove origin
  353  git remote add origin git@github.com:HKcode22/cs131.git
  354  git push --set-upstream origin master
  355  git pull 
  356  git push --set-upstream origin master
  357  git status
  358  git add .
  359  git push --set-upstream origin master
  360  git fetch origi
  361  git fetch origin
  362  git merge origin master
  363  git pull origin master
  364  git pull origin main
  365  git push --set-upstream origin master
  366  git init
  367  git add .
  368  git status
  369  cd ..
  370  rm -r cs131
  371  yes
  372  ls
  373  mkdir cs131
  374  mkdir cs131_try
  375  cd cs131_try
  376  git init
  377  history > cmds.log
  378  ls
  379  cat
  380  cat cmds.log
  381  git add
  382  git add .
  383  git status
  384  git commit -m "First commit"
  385  git status
  386  git push origin main
  387  git push origin master
  388  git push
  389  git remote add origin git@github.com:HKcode22/cs131_try.git
  390  git push
  391   git push --set-upstream origin master
  392  ls
  393  mkdir Worksheet1
  394  cd Worksheet1
  395  history > cmds.log
  396  ls
  397  cd ..
  398  git add .
  399  git status
  400  git commit -m "First messege"
  401  git push
  402  cd ..
  403  ls
  404  cd cs131
  405  lx
  406  ls
  407  mkdir Worksheet1
  408  ls
  409  cd Worksheet1
  410  history > cmds.log
  411  ls
  412  cd ..
  413  git add .
  414  ls
  415  git init
  416  git add .
  417  git status
  418  git push origin main
  419  git push origin master
  420  git remote add origin git@github.com:HKcode22/cs131_try.git
  421  git push --set-upstream origin master
  422  git push origin master
  423  git push --set-upstream origin master
  424  cd ..
  425  rm -r cs131
  426  sudo rm -r cs131
  427  ls
  428  sudo rm -rf cs131
  429  rm cs131
  430  rmdir cs131
  431  cs131
  432  cd cs131
  433  ls
  434  cd ..
  435  rm cs131
  436  rm -r cs131
  437  ls
  438  rm -r cs131
  439  rm -ir cs131
  440  mkdir cs131
  441  cd cs131
  442  ls
  443  git status
  444  rm 
  445  ls
  446  rm Worksheet
  447  rm Worksheet1
  448  [sudo] password for hamzaf23: 
  449  Sorry, try again.
  450  [sudo] password for hamzaf23: 
  451  Sorry, try again.
  452  [sudo] password for hamzaf23: 
  453  ls
  454  rm -r cs131
  455  ls cs131
  456  ls
  457  mv cs131_try cs131
  458  ls
  459  cd cs131
  460  ls
  461  git init
  462  git status
  463  git remote add origin git@github.com:HKcode22/cs131.git
  464  git push --set-upstream origin master
  465  git commit -m "Correct cs131"
  466  git push --set-upstream origin master
  467  mkdir sampleProject
  468  ls -ltr
  469  cd sampleProject/
  470  touch sampleFile.txt
  471  cd ..
  472  git init
  473  git add .
  474  git status
  475  git config --global user.email "hk84164@gmail.com"
  476  git config --global user.name "Hamza Khan"
  477  cd ~/.ssh && ssh-keygen
  478  cat id_rsa.pub
  479  cd ..
  480  cd cs131
  481  ls
  482  git commit -m "Message"
  483  git push --set-upstream origin master
  484  cd cs131
  485  mkdir Worksheet2
  486  ls
  487  rm cmds.log
  488  ls
  489  cd Worksheet2
  490  cd ..
  491  git push --set-upstream origin master
  492  git push origin master
  493  git rm cmds.log
  494  git push origin master
  495  ls
  496  git rm cmds.log
  497  git commit -m "Remove cmds.log"
  498  git push origin master
  499  cd Worksheet2
  500  wget https://raw.githubusercontent.com/khanchandaniashish/CS131/main/Global%20YouTube%20Statistics.csv
  501  grep -w "United States" "Global YouTube Statistics.csv"
  502  grep "United States" "Global YouTube Statistics.csv"
  503  grep -w "United States" "Global YouTube Statistics.csv"
  504  grep -i "Music" "Global YouTube Statistics.csv"
  505  grep "United States" "Global YouTube Statistics.csv" > counts.txt
  506  grep "Music" "Global YouTube Statistics.csv" >> counts.txt
  507  wc -l < counts.txt >> counts.txt
  508  wc -w < counts.txt >> counts.txt
  509  ls
  510  vi counts.txt
  511  grep "Music" "Global YouTube Statistics.csv" | wc -l > counts.txt
  512  grep "Music" "Global YouTube Statistics.csv" | wc -w >> counts.txt
  513  vi counts.txt
  514  history > cmds.log
  515  cd cs131
  516  ls
  517  git add .
  518  git init
  519  git status
  520  git commit -m "Messege"
  521  git push --set-upstream origin master
  522  wget https://raw.githubusercontent.com/khanchandaniashish/CS131/main/Global%20YouTube%20Statistics.csv
  523  mkdir Worksheet3
  524  cd Worksheet3
  525  wget https://raw.githubusercontent.com/khanchandaniashish/CS131/main/Global%20YouTube%20Statistics.csv
  526  grep -E 'United States|United Kingdom|India' ws3.txt > ws3_filtered.txt
  527  sort -t ',' -k youtube_dataset.csv > ws3.txt
  528  sort -t ',' -k 4,4n youtube_dataset.csv > ws3.txt
  529  wget https://raw.githubusercontent.com/khanchandaniashish/CS131/main/Global%20YouTube%20Statistics.csv
  530  cd Worksheet3
  531  grep -E 'United States|United Kingdom|India' youtube_data.csv | sort -t ',' -k 2 -n -r > ws3.txt
  532  wget https://raw.githubusercontent.com/khanchandaniashish/CS131/main/Global%20YouTube%20Statistics.csv
  533  grep -E 'United States|United Kingdom|India' youtube_data.csv | sort -t ',' -k 2 -n -r > ws3.txt
  534  cd Worksheet3
  535  grep -E 'United States|United Kingdom|India' "Global YouTube Statistics.cvs" | sort -t ',' -k 2 -n -r > ws3.txt
  536  grep -E 'United States|United Kingdom|India' "Global YouTube Statistics.csv" | sort -t ',' -k 2 -n -r > ws3.txt
  537  sort -t, -k5,5nr Global\ YouTube\ Statistics.csv > ws3.txt
  538  wget https://raw.githubusercontent.com/khanchandaniashish/CS131/main/Global%20YouTube%20Statistics.csv
  539  ls
  540  head -n 1 'Global YouTube Statistics.csv' | tr ',' '\n' | grep -n 'highest_monthly_earnings'
  541  # Sort the "highest_monthly_earnings" to find the highest monthly earner from the United States, the United Kingdom, and India
  542  grep -E 'United States|United Kingdom|India' 'Global YouTube Statistics.csv' | sort -t',' -k16 -n -r > ws3.txt
  543  # Sort the "highest_monthly_earnings" to find the highest monthly earner from the United States, the United Kingdom, and India
  544  grep -E 'United States|United Kingdom|India' 'Global YouTube Statistics.csv' | sort -t',' -k16 -n -r > ws3.txt
  545  ls
  546  head -n 1 'Global YouTube Statistics.csv' | tr ',' '\n' | grep -n '#Subscribers'
  547  grep -E 'United States|United Kingdom|India' 'Global YouTube Statistics.csv' | sort -t',' -k16 -n -r > ws3.txt
  548  head -n 1 'Global YouTube Statistics.csv' | tr ',' '\n' | grep -n 'highest_monthly_earnings'
  549  head -n 1 'Global YouTube Statistics.csv' | tr ',' '\n' | grep -n '#Subscribers'
  550  head -n 1 'Global YouTube Statistics.csv' | tr ',' '\n' | grep -n 'Subscribers'
  551  head -n 1 'Global YouTube Statistics.csv' | tr ',' '\n' | grep -i -n 'subscribers'
  552  head -n 1 'Global YouTube Statistics.csv' | tr ',' '\n' | grep -i -n '#Subscribers'
  553  sort -t',' -k3 -n -r 'Global YouTube Statistics.csv' > ws3.txt
  554  vi ws3.txt
  555  sort -t',' -k3 -n -r 'Global YouTube Statistics.csv' > ws3.txt
  556  vi ws3.txt
  557  sort -t',' -k16 -n -r 'Global YouTube Statistics.csv' > ws3_task1.txt
  558  sort -t',' -k3 -n -r 'Global YouTube Statistics.csv' > ws3_task2.txt
  559  vi ws3.txt
  560  grep -E 'United States|United Kingdom|India' 'Global YouTube Statistics.csv' | sort -t',' -k16 -n -r > ws3.txt
  561  grep -E 'United States|United Kingdom|India' 'Global YouTube Statistics.csv' | sort -t',' -k3 -n -r > ws3.txt
  562  vi ws3.txt
  563  history > cmds.log
  564  vi ws3.txt
  565  head -n 1 'Global YouTube Statistics.csv' | tr ',' '\n' | grep -n 'highest_monthly_earnings'
  566  ws3.txt
  567  vi ws3.txt
  568  rm ws3.txt
  569  vi ws3.txt
  570  grep -E 'United States|United Kingdom|India' 'Global YouTube Statistics.csv' | sort -t',' -k3 -n -r > ws3.txt
  571  grep -E 'United States|United Kingdom|India' 'Global YouTube Statistics.csv' | sort -t',' -k16 -n -r > ws3.txt
  572  vi ws3.txt
  573  sort ws3.txt
  574  vi ws3.txt
  575  history > cmds.log
  576  cd ..
  577  git add cmds.log
  578  git push
  579  git push --set-upstream origin master
  580  git add Worksheet3
  581  git commit -m "Add ws3.txt and cmds.log"
  582  cd Worksheet3
  583  ls
  584  vi ws3_filtered.txt
  585  vi ws3.txt
  586  rm ws3_filtered.txt
  587  ws3_task1.txt
  588  rm ws3_task1.txt
  589  rm Global YouTube Statistics.csv.3
  590  rm ws3.txt.swp
  591  cd ..
  592  git commit -m "Add counts.txt and cmds.log"
  593  git add Worksheet3
  594  git commit -m "Add counts.txt and cmds.log"
  595  git push origin master
  596  cd Worksheet3
  597  git commit -m "Add counts.txt and cmds.log"
  598  git push origin master
  599  cd ..
  600  git add .
  601  git add
  602  git status
  603  git add Worksheet1
  604  git add Desktop/Worksheet1
  605  git status
  606  git restore Worksheet1
  607  git status
  608  git add Worksheet1
  609  git statu
  610  git status
  611  ls
  612  cd Worksheet1
  613  cd Worksheet
  614  cd Workhseet1
  615  cd Worksheet2
  616  ls
  617  git status
  618  cd cs131
  619  ls
  620  cd ..
  621  mw Worksheet3 cs131
  622  mv Worksheet3 cs131
  623  ls
  624  cs131
  625  cd cs131
  626  ls
  627  git add Worksheet3
  628  git commit -m "Add ws3.txt and cmds.log"
  629  rm ws3_task2.txt
  630  cd Worksheet3
  631  rm ws3_task2.txt
  632  cd ..
  633  git push origin master
  634  cd Worksheet3
  635  rm ws3.txt.swd
  636  rm .ws3.txt.swd
  637  rm .ws3.txt.swe
  638  rm .ws3.txt.swp
  639  rm .ws3.txt.swo
  640  rm .ws3.txt.swm  .ws3.txt.swl
  641  rm .ws3.txt.swf
  642  ls
  643  rm 'Global YouTube Statistics.csv.2
  644  'Global YouTube Statistics.csv.2
  645  rm Global YouTube Statistics.csv.2
  646  rm 'Global YouTube Statistics.csv.2'
  647  rm 'Global YouTube Statistics.csv.1'
  648  ls
  649  rm 'Global YouTube Statistics.csv.3'
  650  cd //
  651  cd ..
  652  cd cs131
  653  cd ..
  654  cd .
  655  cd //
  656  rm 'Global YouTube Statistics.csv.3'
  657  cd back
  658  cd ~
  659  cd cs131
  660  git commit -m "Add ws3.txt and cmds.log"
  661  git add
  662  git add .
  663  git add Worksheet3
  664  git commit -m "Add ws3.txt and cmds.log"
  665  ls
  666  cd Worksheet3
  667  ls
  668  rm .ws3.txt.swd .ws3.txt.swe .ws3.txt.swf .ws3.txt.swg .ws3.txt.swh .ws3.txt.swi .ws3.txt.swj .ws3.txt.swk .ws3.txt.swl .ws3.txt.swm .ws3.txt.swo .ws3.txt.swp .ws3_filtered.txt.swp Global YouTube Statistics.csv.3
  669  cd ..
  670  git commit -m "Add ws3.txt and cmds.log"
  671  git add
  672  git add Worksheet3
  673  git commit -m "Add ws3.txt and cmds.log"
  674  rm .ws3.txt.swg
  675  cd Worksheet3
  676  rm .ws3.txt.swj
  677  vi ws3.txt
  678  cd ..
  679  git add Worksheet3
  680  git push origin master
  681  mkdir Assignment1
  682  cd Assignment1
  683  echo $SHELL
  684  cd ..
  685  echo $HOME
  686  id
  687  cd Assignment1
  688  id
  689  ls
  690  cd cs131
  691  cd Assignment1
  692  cd ..
  693  echo $HOME
  694  cd Assignment1
  695  echo $SHELL
  696  cd ..
  697  echo $HOME
  698  id
  699  cd Assignment1
  700  id
  701  mkdir myDir
  702  chmod -w myDir
  703  cd myDir
  704  cd ..
  705  chmod -w -x myDir
  706  cd myDir
  707  ls
  708  ls -l
  709  mkdir myDir2 myDir3
  710  cd myDir2
  711  touch myFile.txt
  712  mv myFile.txt myDir3
  713  free -m
  714  cat /etc/os-release
  715  ls -l /etc/os-release
  716  cd ..
  717  history > cmds.log
  718  cd ..
  719  git add Assignment1
  720  cd Assignment1
  721  vi Assignment1.txt
  722  cat /etc/os-release
  723  ls -l /etc/os-release
  724  cd Assignment1
  725  cd cs131
  726  cd Assignment1
  727  history > cmds.log
  728  git commit -m "cmds.log and myDir2 and myDir3"
  729  ls
  730  git commit -m "cmds.log and myDir and myDir2 and myDir3"
  731  cd ..
  732  git add Assingment1
  733  git add Assignment1
  734  git status
  735  cd Assignment1
  736  git push origin master
  737  ls
  738  cd myDir2
  739  ls
  740  rm myDir3
  741  ls
  742  cd ..
  743  ls
  744  cd ..
  745  git add Assignment1
  746  git status
  747  cd Assignment1
  748  cd cs131
  749  cd Assignment1
  750  ls
  751  cd cmd.log
  752  cmds.log
  753  cd cmds.log
  754  history
  755  cd Worksheet3
  756  pwd
  757  ls
  758  cd cs131
  759  ls
  760  cd worksheet3
  761  cs Worksheet3
  762  cd Worksheet3
  763  vi ws3.txt
  764  grep "United States" ws3.txt | sort -t',' -k16 -n -r | head -n 1 | cut -d',' -f2
  765  grep "United Kingdom" ws3.txt | sort -t',' -k16 -n -r | head -n 1 | cut -d',' -f2
  766  grep "India" ws3.txt | sort -t',' -k16 -n -r | head -n 1 | cut -d',' -f2
  767  grep "United States" ws3.txt | sort -t',' -k16 -n -r | head -n 1 | cut -d',' -f2 > ws3.txt
  768  grep "India" ws3.txt | sort -t',' -k16 -n -r | head -n 1 | cut -d',' -f2 > ws3.txt
  769  grep "United Kingdom" ws3.txt | sort -t',' -k16 -n -r | head -n 1 | cut -d',' -f2 > ws3.txt
  770  vi ws3.txt
  771  grep "United States" ws3.txt | sort -t',' -k16 -n -r | head -n 1 | cut -d',' -f2 >> ws3.txt
  772  vi ws3.txt
  773  grep "United States" ws3.txt | sort -t',' -k16 -n -r | head -n 1 | cut -d',' -f2 > ws3.txt
  774  grep "United Kingdom" ws3.txt | sort -t',' -k16 -n -r | head -n 1 | cut -d',' -f2 >> ws3.txt
  775  grep "India" ws3.txt | sort -t',' -k16 -n -r | head -n 1 | cut -d',' -f2 >> ws3.txt
  776  vi ws3.txt
  777  grep "United States" 'Global YouTube Statistics.csv' | sort -t',' -k16 -n -r | head -n 1 | cut -d',' -f2 >> ws3.txt
  778  grep "United States" 'Global YouTube Statistics.csv' | sort -t',' -k16 -n -r | head -n 1 | cut -d',' -f2 > ws3.txt
  779  vi ws3.txt
  780  grep "United Kingdom" 'Global YouTube Statistics.csv' | sort -t',' -k16 -n -r | head -n 1 | cut -d',' -f2 > ws3.txt
  781  grep "India" 'Global YouTube Statistics.csv' | sort -t',' -k16 -n -r | head -n 1 | cut -d',' -f2 > ws3.txt
  782  grep "United States" 'Global YouTube Statistics.csv' | sort -t',' -k3-n -r | head -n 1 | cut -d',' -f2 >> ws3.txt
  783  grep "United Kingdom" 'Global YouTube Statistics.csv' | sort -t',' -k3-n -r | head -n 1 | cut -d',' -f2 >> ws3.txt
  784  grep "United States" 'Global YouTube Statistics.csv' | sort -t',' -k3 -n -r | head -n 1 | cut -d',' -f2 >> ws3.txt
  785  grep "United Kingdom" 'Global YouTube Statistics.csv' | sort -t',' -k3 -n -r | head -n 1 | cut -d',' -f2 > ws3.txt
  786  grep "India" 'Global YouTube Statistics.csv' | sort -t',' -k3 -n -r | head -n 1 | cut -d',' -f2 > ws3.txt
  787  vi ws3.txt
  788  grep "United States" 'Global YouTube Statistics.csv' | sort -t',' -k16 -n -r | head -n 1 | cut -d',' -f2 > ws3.txt
  789  grep "United Kingdom" 'Global YouTube Statistics.csv' | sort -t',' -k16 -n -r | head -n 1 | cut -d',' -f2 >> ws3.txt
  790  grep "India" 'Global YouTube Statistics.csv' | sort -t',' -k16 -n -r | head -n 1 | cut -d',' -f2 >> ws3.txt
  791  vi ws3.txt
  792  grep "United States" 'Global YouTube Statistics.csv' | sort -t',' -k3 -n -r | head -n 1 | cut -d',' -f2 >> ws3.txt
  793  grep "United Kingdom" 'Global YouTube Statistics.csv' | sort -t',' -k3 -n -r | head -n 1 | cut -d',' -f2 >> ws3.txt
  794  grep "India" 'Global YouTube Statistics.csv' | sort -t',' -k3 -n -r | head -n 1 | cut -d',' -f2 >> ws3.txt
  795  vi ws3.txt
  796  grep "United States" 'Global YouTube Statistics.csv' | sort -t',' -k16 -n -r | head -n 1 | cut -d',' -f2 > ws3.txt
  797  grep "United Kingdom" 'Global YouTube Statistics.csv' | sort -t',' -k16 -n -r | head -n 1 | cut -d',' -f2 >> ws3.txt
  798  grep "India" 'Global YouTube Statistics.csv' | sort -t',' -k16 -n -r | head -n 1 | cut -d',' -f2 >> ws3.txt
  799  "Sports" 'Global YouTube Statistics.csv' | sort -t',' -k3 -n -r | head -n 1 | cut -d',' -f2 >> ws3.txt
  800  "Sport" 'Global YouTube Statistics.csv' | sort -t',' -k3 -n -r | head -n 1 | cut -d',' -f2 >> ws3.txt
  801  grep "Sports" 'Global YouTube Statistics.csv' | sort -t',' -k16 -n -r | head -n 1 | cut -d',' -f2 >> ws3.txt
  802  grep "Education" 'Global YouTube Statistics.csv' | sort -t',' -k16 -n -r | head -n 1 | cut -d',' -f2 >> ws3.txt
  803  grep "United States" 'Global YouTube Statistics.csv' | sort -t',' -k16 -n -r | head -n 1 | cut -d',' -f2 > ws3.txt
  804  grep "United Kingdom" 'Global YouTube Statistics.csv' | sort -t',' -k16 -n -r | head -n 1 | cut -d',' -f2 >> ws3.txt
  805  grep "India" 'Global YouTube Statistics.csv' | sort -t',' -k16 -n -r | head -n 1 | cut -d',' -f2 >> ws3.tx
  806  grep "Sports" 'Global YouTube Statistics.csv' | sort -t',' -k3 -n -r | head -n 1 | cut -d',' -f2 >> ws3.txt
  807  grep "Education" 'Global YouTube Statistics.csv' | sort -t',' -k3 -n -r | head -n 1 | cut -d',' -f2 >> ws3.txt
  808  grep "Entertainment" 'Global YouTube Statistics.csv' | sort -t',' -k3 -n -r | head -n 1 | cut -d',' -f2 >> ws3.txt
  809  vi ws3.txt
  810  grep "Entertainment" 'Global YouTube Statistics.csv' | sort -t',' -k3 -n -r | head -n 1 | cut -d',' -f2 >> ws3.txt
  811  grep "United States" 'Global YouTube Statistics.csv' | sort -t',' -k16 -n -r | head -n 1 | cut -d',' -f2 > ws3.txt
  812  grep "United Kingdom" 'Global YouTube Statistics.csv' | sort -t',' -k16 -n -r | head -n 1 | cut -d',' -f2 >> ws3.txt
  813  grep "India" 'Global YouTube Statistics.csv' | sort -t',' -k16 -n -r | head -n 1 | cut -d',' -f2 >> ws3.tx
  814  grep "Sports" 'Global YouTube Statistics.csv' | sort -t',' -k3 -n -r | head -n 1 | cut -d',' -f2 >> ws3.txt
  815  grep "Education" 'Global YouTube Statistics.csv' | sort -t',' -k3 -n -r | head -n 1 | cut -d',' -f2 >> ws3.txt
  816  grep "Entertainment" 'Global YouTube Statistics.csv' | sort -t',' -k3 -n -r | head -n 1 | cut -d',' -f2 >> ws3.txt
  817  vi ws3.txt
  818  "United States" 'Global YouTube Statistics.csv' | sort -t',' -k16 -n -r | head -n 1 | cut -d',' -f2 > ws3.txt
  819  grep "United States" 'Global YouTube Statistics.csv' | sort -t',' -k16 -n -r | head -n 1 | cut -d',' -f2 > ws3.txt
  820  grep "United Kingdom" 'Global YouTube Statistics.csv' | sort -t',' -k16 -n -r | head -n 1 | cut -d',' -f2 >> ws3.txt
  821  grep "India" 'Global YouTube Statistics.csv' | sort -t',' -k16 -n -r | head -n 1 | cut -d',' -f2 >> ws3.tx
  822  grep "Sports" 'Global YouTube Statistics.csv' | sort -t',' -k3 -n -r | head -n 1 | cut -d',' -f2 > ws3.txt
  823  grep "Education" 'Global YouTube Statistics.csv' | sort -t',' -k3 -n -r | head -n 1 | cut -d',' -f2 >> ws3.txt
  824  grep "Entertainment" 'Global YouTube Statistics.csv' | sort -t',' -k3 -n -r | head -n 1 | cut -d',' -f2 > ws3.txt
  825  vi ws3.txt
  826  grep "Sports" 'Global YouTube Statistics.csv' | sort -t',' -k3 -n -r | head -n 1 | cut -d',' -f2 > ws3.txt
  827  grep "Education" 'Global YouTube Statistics.csv' | sort -t',' -k3 -n -r | head -n 1 | cut -d',' -f2 >> ws3.txt
  828  grep "United States" 'Global YouTube Statistics.csv' | sort -t',' -k16 -n -r | head -n 1 | cut -d',' -f2 > ws3.txt
  829  grep "United Kingdom" 'Global YouTube Statistics.csv' | sort -t',' -k16 -n -r | head -n 1 | cut -d',' -f2 >> ws3.txt
  830  grep "India" 'Global YouTube Statistics.csv' | sort -t',' -k16 -n -r | head -n 1 | cut -d',' -f2 >> ws3.tx
  831  grep "Sports" 'Global YouTube Statistics.csv' | sort -t',' -k3 -n -r | head -n 1 | cut -d',' -f2 > ws3.txt
  832  vi ws3.txt
  833  grep "United States" 'Global YouTube Statistics.csv' | sort -t',' -k16 -n -r | head -n 1 | cut -d',' -f2 > ws3.txt
  834  grep "Education" 'Global YouTube Statistics.csv' | sort -t',' -k3 -n -r | head -n 1 | cut -d',' -f2 >> ws3.txt
  835  grep "United States" 'Global YouTube Statistics.csv' | sort -t',' -k16 -n -r | head -n 1 | cut -d',' -f2 > ws3.txt
  836  grep "India" 'Global YouTube Statistics.csv' | sort -t',' -k16 -n -r | head -n 1 | cut -d',' -f2 >> ws3.tx
  837  grep "United States" 'Global YouTube Statistics.csv' | sort -t',' -k16 -n -r | head -n 1 | cut -d',' -f2 > ws3.txt
  838  grep "United Kingdom" 'Global YouTube Statistics.csv' | sort -t',' -k16 -n -r | head -n 1 | cut -d',' -f2 >> ws3.txt
  839  grep "India" 'Global YouTube Statistics.csv' | sort -t',' -k16 -n -r | head -n 1 | cut -d',' -f2 >> ws3.tx
  840  vi ws3.txt
  841  grep "India" 'Global YouTube Statistics.csv' | sort -t',' -k16 -n -r | head -n 1 | cut -d',' -f2 >> ws3.tx
  842  grep "India" 'Global YouTube Statistics.csv' | sort -t',' -k16 -n -r | head -n 1 | cut -d',' -f2 >> ws3.txt
  843  grep "Sports" 'Global YouTube Statistics.csv' | sort -t',' -k3 -n -r | head -n 1 | cut -d',' -f2 >> ws3.txt
  844  grep "Education" 'Global YouTube Statistics.csv' | sort -t',' -k3 -n -r | head -n 1 | cut -d',' -f2 >> ws3.txt
  845  grep "Entertainment" 'Global YouTube Statistics.csv' | sort -t',' -k3 -n -r | head -n 1 | cut -d',' -f2 >> ws3.txt
  846  vi ws3.txt
  847  history > cmds.log
  848  cd ..
  849  git add
  850  git add Worksheet3
  851  git status
  852  rm Worksheet3/ws3.tx
  853  cd Worksheet3
  854  ls
  855  cd >>
  856  cd ..
  857  git add Worksheet3
  858  git status
  859  git push origin master
  860  git commit -m "Add ws3.txt and cmds.log"
  861  git add Worksheet3
  862  git push origin master
  863  rm Worksheet3/.ws3.txt.swp
  864  Worksheet3/.ws3.txt.swp
  865  cd cs131
  866  cd Worksheet3
  867  grep "United States" 'Global YouTube Statistics.csv' 
  868  grep "United States" 'Global YouTube Statistics.csv' | sort -t',' -k16 -n | head -n 1 | cut -d',' -f2 > ws3.txt
  869  grep "United Kingdom" 'Global YouTube Statistics.csv' | sort -t',' -k16 -n | head -n 1 | cut -d',' -f2 >> ws3.txt
  870  grep "India" 'Global YouTube Statistics.csv' | sort -t',' -k16 -n | head -n 1 | cut -d',' -f2 >> ws3.txt
  871  grep "Sports" 'Global YouTube Statistics.csv' | sort -t',' -k3 -n | head -n 1 | cut -d',' -f2 >> ws3.txt
  872  grep "Education" 'Global YouTube Statistics.csv' | sort -t',' -k3 -n | head -n 1 | cut -d',' -f2 >> ws3.txt
  873  grep "Entertainment" 'Global YouTube Statistics.csv' | sort -t',' -k3 -n | head -n 1 | cut -d',' -f2 >> ws3.txt
  874  vi ws3.txt
  875  grep "United States" 'Global YouTube Statistics.csv' >>US.txt
  876  sort US.txt
  877  grep "United States" US.txt | sort -t',' -k16 -n | head -n 1 | cut -d',' -f2 > ws3.txt
  878  vi ws3.txt
  879  sort ws3.txt
  880  grep "Entertainment" ws3.txt | sort -t',' -k3 -n | head -n 1 | cut -d',' -f2 >> ws3.txt
  881  grep "Entertainment" '' | sort -t',' -k3 -ngrep "Entertainment" 'Global YouTube Statistics.csv' | sort -t',' -k3 -n -r | head -n 1 | cut -d',' -f2 >> ws3.txt | head -n 1 | cut -d',' -f2 >> ws3.txt
  882  grep "Entertainment" 'Global YouTube Statistics.csv' | sort -t',' -k3 -n -r | head -n 1 | cut -d',' -f2 >> ws3.txt
  883  sort
  884  sort ws3.txt
  885  grep "Education" 'Global YouTube Statistics.csv' | sort -t',' -k3 -n -r | head -n 1 | cut -d',' -f2 >> ws3.txt
  886  sort ws3.txt
  887  grep "Education" 'Global YouTube Statistics.csv' | sort -t',' -k3 -n | head -n 1 | cut -d',' -f2 >> ws3.txt
  888  sort ws3.txt
  889  grep "Education" 'Global YouTube Statistics.csv' | sort -t',' -k3 -r | head -n 1 | cut -d',' -f2 > ws3.txt
  890  sort ws3.txt
  891  grep "Education" 'Global YouTube Statistics.csv' > US.txt
  892  sort US.txt
  893  cut -d',' -f2 > US.txt
  894  grep "Education" Global\ YouTube\ Statistics.csv | sort -k3,3nr -t ',' | head -n 1 >> ws3.txt
  895  sort ws3.txt
  896  grep "Education" Global\ YouTube\ Statistics.csv | sort -k3,3nr -t ',' | head -n 1 | cut -d',' -f2  > ws3.txt
  897  sort ws3.txt
  898  rep "Education" Global\ YouTube\ Statistics.csv | sort -k3,3nr -t ',' | head -n 1 | cut -d',' -f2  > ws3.txt
  899  cd Worksheet3
  900  cd cs131
  901  cd Worksheet3
  902  grep "United States" Global\ YouTube\ Statistics.csv | sort -k16,16nr -t ',' | head -n 1 | cut -d',' -f2  > ws3.txt
  903  vi ws3.txt
  904  grep "United Kingdom" Global\ YouTube\ Statistics.csv | sort -k16,16nr -t ',' | head -n 1 | cut -d',' -f2 >> ws3.txt
  905  sort ws3.txt
  906  grep "India" Global\ YouTube\ Statistics.csv | sort -k16,16nr -t ',' | head -n 1 | cut -d',' -f2 >> ws3.txt
  907  sort ws3.txt
  908  grep "Sports" Global\ YouTube\ Statistics.csv | sort -k3,3nr -t ',' | head -n 1 | cut -d',' -f2 >> ws3.txt
  909  sort ws3.txt
  910  grep "Education" Global\ YouTube\ Statistics.csv | sort -k3,3nr -t ',' | head -n 1 | cut -d',' -f2 >> ws3.txt
  911  sort ws3.txt
  912  vi ws3.txt
  913  grep "Entertainment" Global\ YouTube\ Statistics.csv | sort -k3,3nr -t ',' | head -n 1 | cut -d',' -f2 >> ws3.txt
  914  vi ws3.txt
  915  cd ..
  916  cd add Worksheet3
  917  git add Worksheet3
  918  git status
  919  cd Worksheet3
  920  cd ..
  921  git commit -m "Add ws3.txt and cmds.log"
  922  git push --set-upstream origin master
  923  cd cs131
  924  cd Assignment1
  925  ls
  926  cd Assingment1
  927  cd cs131
  928  cd Assignment1
  929  ​​ssh hamzaf23@172.20.25.9
  930  echo $SHELL
  931  echo $HOME
  932  cd ..
  933  echo $HOME
  934  id
  935  cd Assingment1
  936  cd Assignment1
  937  id
  938  ls
  939  cd myDir
  940  rm myDir
  941  rmdir myDir
  942  mkdir myDir
  943  chmod u-w myDir
  944  chmod u -w myDir
  945  cd myDir
  946  mkdir i
  947  ls
  948  ls -l
  949  cd ..
  950  mv myDir2 myDir3
  951  ls
  952  cd myDir2
  953  cd myDir3
  954  ls
  955  cd myDir2
  956  ls
  957  cd ..
  958  mkdir myDir2
  959  rmdir myDir2
  960  ls
  961  cd ..
  962  ls
  963  rmdir myDir3
  964  ls
  965  mkdir myDir2
  966  mkdir myDir3
  967  cd myDir2
  968  touch myDir2/myFile.txt
  969  touch myFile.txt
  970  cd ..
  971  mv myDir2 myDir3
  972  l
  973  ls
  974  cd myDir3
  975  cd myDir2
  976  ls
  977  cd ..
  978  free -m
  979  cat /etc/os-release
  980  ls -l /etc/os-release
  981  vi Assignment1.txt 
  982  vi Total Memory: 71367 MiB
  983  vi Assignment1.txt
  984  cd ..
  985  git add Assignment1
  986  git status
  987  cd Assignment1
  988  history > cmds.loh
  989  history > cmds.log
  990  cd ..
  991  git add Assignment1
  992  git status
  993  cd Assignment1
  994  git commit -m "Added Assignment1 and cmds.log"
  995  git push origin master
  996  cd cs131
  997  cd Assignment1
  998  cd myDir3
  999  rmdir myDir2
 1000  rm myDir2
 1001  cd myDir2
 1002  ls
 1003  rm myFile.txt
 1004  cd ..
 1005  rm myDir2
 1006  rmdir myDir2
 1007  cd ..
 1008  mkdir myDir2
 1009  mkdir myDir3
 1010  ls
 1011  rmdir myDir3
 1012  ls
 1013  myDir3
 1014  mkdir myDir3
 1015  ls
 1016  cd myDir2
 1017  touch myFile.txt
 1018  ls
 1019  mv myFile.txt myDir3
 1020  la
 1021  ls
 1022  cd ..
 1023  ls
 1024  cd myDir3
 1025  ls
 1026  cd ..
 1027  cd myDir2
 1028  ls
 1029  rmdir myDir3
 1030  rm myDir3
 1031  ls
 1032  touch myFiletxt
 1033  rm myFiletxt
 1034  ls
 1035  touch myFile.txt
 1036  ls
 1037  mv myFile.txt Assignment1/myDir3
 1038  cd ..
 1039  mv myFile.txt myDir3
 1040  cd myDir2
 1041  mv myFile.txt ~/Assignment1/myDir3/
 1042  cd ..
 1043  mv myFile.txt ~/Assignment1/myDir3/
 1044  mv myDir2/myFile.txt myDir3
 1045  ls
 1046  cd myDir2
 1047  ls
 1048  cd ..
 1049  cd myDir3
 1050  ls
 1051  cd ..
 1052  git add Assignment1
 1053  git status
 1054  cd Assignment1
 1055  ls
 1056  rm cmds.loh
 1057  history > cmds.log
 1058  vi Assignment.txt
 1059  rm Assignment.txt
 1060  ls
 1061  cd Assignment1.txt
 1062  vi Assignment1.txt
 1063  /etc/password
 1064  vi Assignment1.txt
 1065  cd ..
 1066  git add
 1067  git add Assignment1
 1068  git stauts
 1069  git status
 1070  cd Assignment1
 1071  ls
 1072  cd myDir2
 1073  ls
 1074  cd ..
 1075  cd myDir3
 1076  ls
 1077  cd ..
 1078  git add Assignment1
 1079  git status
 1080  cd Assignment1
 1081  history > cmds.log
 1082  cd ..
 1083  git add Assignment1
 1084  ls
 1085  git commit -m "Add Assignment1 and cmds.log"
 1086  cd Assignment1
 1087  cd myDir3
 1088  ls
 1089  rmdir myDir2
 1090  rm myDir2
 1091  cd ..
 1092  git add Assignment1
 1093  git commit -m "Add Assignment1"
 1094  git add Assignment1
 1095  git status
 1096  l
 1097  ls
 1098  git commit -m"Add Assignt1.txt"
 1099  git add .
 1100  git status
 1101  git add Assignment1
 1102  git status
 1103  git commit -m"add Assignment"
 1104  git push origin master
 1105  git add Assignment1
 1106  git status
 1107  cd Assignment1
 1108  git commit -m"add Assignment1"
 1109  ls
 1110  git push origin master
 1111  cd myDir2
 1112  cd..
 1113  cd ..
 1114  mkdir myDir2
 1115  ls
 1116  cd ..
 1117  ls
 1118  git add Assignment1
 1119  git status
 1120  git commit -m"add Assignment1"
 1121  cd Assignment1
 1122  mkdir Mydir4
 1123  rmdir Mydir4
 1124  cd ..
 1125  cd Assignment
 1126  cd Assignment1
 1127  ls
 1128  history > cmds.log
