    1  rm -rf ../../Worksheet1
    2  git commit -m "Remove Worksheet1 submodule files"
    3  git push origin main
    4  rm -rf ../../Worksheet1
    5  git push origin main
    6  mkdir sampleProject
    7  ls -ltr
    8  cd sampleProject/
    9  touch sampleFile.txt
   10  git init
   11  git add .
   12  git status
   13  git config --global user.email "hk84164@gmail.com"
   14  git config --global user.name "HKcode22"
   15  git remote add origin git@github.com:HKcode22/cs131.git
   16  git commit -m "Message"
   17  git push --set-upstream origin master
   18  git push --set-upstream origin main
   19  ls
   20  git status
   21  cd ..
   22  cd Worksheet1
   23  mkdir Worksheet1
   24  ls -ltr
   25  cd sampleProject/
   26  cd Worksheet1
   27  cd ..
   28  cd Worksheet1
   29  touch sampleFile.txt
   30  git init
   31  git add .
   32  git status
   33  git config --global user.email "hk84164@gmail.com"
   34  git config --global user.name "HKcode22"
   35  git remote add origin git@github.com:HKcode22/cs131.git
   36  git commit -m "Message"
   37  git push --set-upstream origin maste
   38  git push --set-upstream origin master
   39  git push --set-upstream origin main
   40  git branch -m master main
   41  git push --set-upstream origin main
   42  git checkout main
   43  git pull origin main
   44  git push origin main
   45  git checkout main
   46  git push -f origin main
   47  git pull origin main
   48  git push --set-upstream origin master
   49  error: failed to push some refs to 'github.com:HKcode22/cs131.git'
   50  [hamzaf23@sjsu Worksheet1]$ git push --set-upstream origin master
   51  error: src refspec master does not match any
   52  error: failed to push some refs to 'github.com:HKcode22/cs131.git'
   53  [hamzaf23@sjsu Worksheet1]$ git push --set-upstream origin master
   54  error: src refspec master does not match any
   55  error: failed to push some refs to 'github.com:HKcode22/cs131.git'
   56  [hamzaf23@sjsu Worksheet1]$ git push --set-upstream origin master
   57  error: src refspec master does not match any
   58  error: failed to push some refs to 'github.com:HKcode22/cs131.git'
   59  [hamzaf23@sjsu Worksheet1]$ git push --set-upstream origin master
   60  error: src refspec master does not match any
   61  error: failed to push some refs to 'github.com:HKcode22/cs131.git'
   62  [hamzaf23@sjsu Worksheet1]$ git push --set-upstream origin master
   63  error: src refspec master does not match any
   64  error: failed to push some refs to 'github.com:HKcode22/cs131.git'
   65  [hamzaf23@sjsu Worksheet1]$ git push --set-upstream origin master
   66  error: src refspec master does not match any
   67  error: failed to push some refs to 'github.com:HKcode22/cs131.git'
   68  [hamzaf23@sjsu Worksheet1]$ error: failed to push some refs to 'github.com:HKcode22/cs131.git'
   69  [hamzaf23@sjsu Worksheet1]$ git push --set-upstream origin master
   70  error: src refspec master does not match any
   71  error: failed to push some refs to 'github.com:HKcode22/cs131.git'
   72  [hamzaf23@sjsu Worksheet1]$ git push --set-upstream origin master
   73  error: src refspec master does not match any
   74  error: failed to push some refs to 'github.com:HKcode22/cs131.git'
   75  [hamzaf23@sjsu Worksheet1]$ git push --set-upstream origin master
   76  error: src refspec master does not match any
   77  error: failed to push some refs to 'github.com:HKcode22/cs131.git'
   78  [hamzaf23@sjsu Worksheet1]$ git push --set-upstream origin master
   79  error: src refspec master does not match any
   80  error: failed to push some refs to 'github.com:HKcode22/cs131.git'
   81  [hamzaf23@sjsu Worksheet1]$ git push --set-upstream origin master
   82  error: src refspec master does not match any
   83  error: failed to push some refs to 'github.com:HKcode22/cs131.git'
   84  [hamzaf23@sjsu Worksheet1]$ git push --set-upstream origin master
   85  error: src refspec master does not match any
   86  error: failed to push some refs to 'github.com:HKcode22/cs131.git'
   87  [hamzaf23@sjsu Worksheet1]$ git push --set-upstream origin main
   88  git push --set-upstream origin main
   89  git push --set-upstream origin master
   90  history > cmds.log
   91  git push cmds.log 
   92  cd ..
   93  git push cmds.log
   94  git push origin main
   95  git push origin master
   96  git push --set-upstream origin master
   97  git push --set-upstream origin main
   98  mkdir sampleProject
   99  ls -ltr
  100  cd sampleProject/
  101  touch sampleFile.txt
  102  git init
  103  git add .
  104  git status
  105  git config --global user.name "HKcode22"
  106  git config --global user.email "hk84164@gmail.com"
  107  cd Worksheet1
  108  cd ..
  109  cd Worksheet1
  110  history > cmds.log
  111  git add cmds.log
  112  git push <remote> <branch>
  113  git push origin main
  114  git remote add origin git@github.com:HKcode22/cs131.git
  115  git commit -m "Message"
  116  git push --set-upstream origin master
  117  git push --set-upstream origin main
  118  git remote add origin cd /path/to/your/repository
  119  cd Worksheet1
  120  git add cmds.log
  121  git commit -m "Add cmds.log file"
  122  git push origin main
  123  cd /path/to/your/repository
  124  cd ..
  125  git add cmds.log
  126  git add history > cmds.lg
  127  git add history > cmds.log
  128  history > cmds.log
  129  git add cmds.log
  130  git commit -m "Add cmds.log file"
  131  git push origin main
  132  git push origin master
  133  git origin main
  134  git push origin main
  135  mv cmds.log /path/to/Worksheet1/
  136  cd Worksheet1
  137  git add Worksheet1/cmds.log
  138  git add cmds.log
  139  git commit -m "Move cmds.log to Worksheet1 directory"
  140  git push origin main
  141  git push --set-upstream origin master
  142  git push --set-upstream origin main
  143  mv cmds.log Worksheet1/
  144  mv cmds.log
  145  mv cmds.log Worksheet1/
  146  cd ..
  147  cd /path/to/parent/directory
  148  mv cmds.log Worksheet1/
  149  git add Worksheet1/cmds.log
  150  git commit -m "Move cmds.log into Worksheet1 directory"
  151  git add Worksheet1/cmds.log
  152  git commit -m "Move cmds.log into Worksheet1 directory"
  153  mv Worksheet1/cmds.lg Worksheet1/cmds.log
  154  mv cmds.log Worksheet1/cmds.log
  155  cd /path/to/your/cmds.log
  156  cd /path/to/cs131
  157  mv cmds.log Worksheet1/cmds.log
  158  mv cmds.log Worksheet1/
  159  find /path/to/parent/directory -name "cmds.log"
  160  mv <path_to_cmds.log> Worksheet1/cmds.log
  161  git add git add Worksheet1/cmds.log
  162  git commit -m "Move cmds.log into Worksheet1 directory"
  163  git add Worksheet1/cmds.log
  164  git commit -m "Move cmds.log into Worksheet1 directory"
  165  history > cmds.log
  166  cd ..
  167  cd Worksheet1/
  168  cd cs131
  169  cd ..
  170  cd 
  171  cd cs131
  172  cd Worksheet1/
  173  cd Desktop/cs131
  174  cd
  175  cd Desktop/cs131
  176  cd cs131
  177  cd Worksheet1/
  178  ls
  179  cd hamzaf23/
  180  cd
  181  mkdir Desktop
  182  cd Worksheet1/
  183  cd
  184  wget www.github.com
  185  mkdir myproject
  186  cd hamzaf23
  187  -al
  188  ls
  189  -al
  190  git init
  191  git status
  192  touch hamzaf23
  193  git commit -m "This is my first commit!"
  194  cd Desktop
  195  ls
  196  mkdir project2
  197  cd myproject2
  198  cd project2
  199  git init
  200  touch hamzaf23
  201  touch hamzaf23.txt
  202  ls
  203  git status
  204  git commit -m "This is my first commit"
  205  git add
  206  git add .
  207  add hamzaf23.txt
  208  git add
  209  git add hamzaf23
  210  git status
  211  git config --global user.email "hamza84164@gmail.com
  212  d
  213  b
  214  git config --global user.email "hamza84164@gmail.com"
  215  git config --global user.name "Hamza Khan
  216  git config --global user.name "Hamza Khan"
  217  git commit -m "This is my first commit!"
  218  git branch
  219  git checkout -b my-new-branch
  220  git branch
  221  ls
  222  pwed
  223  pwd
  224  git remote add origin https://github.com/HKcode22/cs131
  225  git branch -M main
  226  ls
  227  git branch
  228  git branch -h
  229  git push -u origin main
  230  git branch
  231  git push origin master
  232  git push origin main
  233  ls
  234  cd ..
  235  ls
  236  mkdir cs131
  237  cd cs131/
  238  git init
  239  ls
  240  mkdir Worksheet1
  241  cd Worksheet1/
  242  ls
  243  history > cmds.logs
  244  cd ..
  245  cd Worksheet1
  246  cd cs131
  247  cd ..
  248  touch a.txt
  249  git add .
  250  git init
  251  touch sampletext.txt
  252  ls
  253  pwd
  254  git add .
  255  git status
  256  cd ~/.ssh && ssh-keygen
  257  cd ..
  258  cd cs131
  259  cd ~/.ssh && ssh-keygen
  260  cat id_rsa.pub
  261  cd ..
  262  ls
  263  cd cs131
  264  git status
  265  git add .
  266  git add
  267  git add .
  268  git status
  269  git commit -m "hello"
  270  git add cs131
  271  git status
  272  git add cs131
  273  git restore cs131
  274  git statust
  275  git status
  276  cd ..
  277  cd cs131
  278  git add
  279  git add /
  280  git add .
  281  git status
  282  git add Worksheet1
  283  git add .
  284  git status
  285  cd ..
  286  mkdir cs131
  287  cd Desktop
  288  mkdir cs131
  289  cd cs131
  290  git status
  291  git config --global user.email "hk8414@gmail.com"
  292  git config --global user.name "Hamza Khan"
  293  cd ..
  294  cd .ssh
  295  cd ..
  296  cd .ssh
  297  ssh -T git@github.com
  298  cd ..
  299  cd cs131
  300  git push --set-upstream origin master
  301  mkdir Worksheet1
  302  git remote set-url origin https://github.com/HKcode22/cs131.git
  303  git push --set-upstream origin master
  304  ls Worksheet1
  305  ls
  306  cd Worksheet1
  307  ls
  308  cd cs131
  309  cd ..
  310  mkdir sampleProject
  311  ls -ltr
  312  cd sampleProject/
  313  touch sampleFile.txt
  314  git init
  315  git add .
  316  git status
  317  git config --global user.email "hk84164@gmail.com"
  318  git config --global user.name "Hamza Khan"
  319  cd ~/.ssh && ssh-keygen
  320  cat id_rsa.pub
  321  git remote add origin git@github.com:khanchandaniashish/DemoRepoForCS131.git
  322  cd ..
  323  cd cs131
  324  git remote add origin git@github.com:khanchandaniashish/DemoRepoForCS131.git
  325  git remote add origin git@github.com:khanchandaniashish/DemoRepoForCS131.gitr
  326  git remote set-url origin https://github.com/HKcode22/cs131
  327  git remote add origin git@github.com:khanchandaniashish/DemoRepoForCS131.git
  328  git commit -m "Message"
  329  git branch --unset-upstream
  330  git commit -m "Message"
  331  git add Worksheet1
  332  git restore Worksheet1
  333  git add sampleProject
  334  git add cs131
  335  git restore cs131
  336  git add sampleProject
  337  git add .
  338  git commit -m "Message"
  339  git add cs131
  340  git commit -m "Message"
  341  cd cs131
  342  cd Desktop
  343  cd cs131
  344  cd Worksheet1
  345  ls
  346  git status
  347  git add cmds.logs
  348  git add .
  349  git add cmds.log
  350  git status
  351  git add Worksheet1/cmds.log
  352  git add cmds.log
  353  git commit -m "Move cmds.log into Worksheet1 directory"
  354  git push origin main
  355  cd Worksheet1
  356  cd Deskstop
  357  cd Desktop
  358  cd cs131
  359  cd Worksheet1
  360  ls
  361  git add cmds.log
  362  git commit -m "Add cmds.log to Worksheet1"
  363  git push origin main
  364  git push origin master
  365  git push origin main
  366  git status
  367  git push origin mai
  368  git push origin main
  369  git pull origin main
  370  git push origin main
  371  git add cmds.log
  372  git commit -m "Add cmds.log to Worksheet1"
  373  git push origin main
  374  git branch
  375  git pull origin master
  376  git push orgin master
  377  git push origin master
  378  git push origin main
  379  cd ..
  380  ls
  381  git push origin mian
  382  git push origin main
  383  git pull origin main
  384  git push origin main
  385  git status
  386  git add cmds.log
  387  git add .
  388  git add .gitmodules
  389  git add Worksheet1/
  390  git cmds.lg
  391  git add cmds.lg
  392  git add .
  393  git restore
  394  git status
  395  git push origin master
  396  git push origin main
  397  git status
  398  git pull origin main
  399  git push origin main
  400  git pull origin main
  401  git config pull.rebase false
  402  git config pull.rebase true
  403  git config pull.ff only
  404  git config --global user.email "hk84164@gmail.com"
  405  git config --global user.name "HKcode22"
  406  git push origin main
  407  git pull origin
  408  git pull origin main
  409  git config --global user.email "hk84164@gmail.com"
  410  git config --global user.name "HKcode22"
  411  git add .
  412  git commit -m "Committing changes"
  413  git pull origin main --allow-unrelated-histories
  414  git push origin main
  415  echo "# cs131" >> README.md
  416  git init
  417  git add README.md
  418  git commit -m "first commit"
  419  git config --global user.email "hk84164@gmail.com"
  420  git config --global user.name "HKcode22"
  421  git commit -m "first commit"
  422  git branch -M main
  423  git remote add origin git@github.com:HKcode22/cs131.git
  424  git push -u origin main
  425  rm -rf /path/to/your/repository
  426  rm -rf cs131
  427  git remote add origin git@github.com:HKcode22/cs131.git
  428  git remote remove origin
  429  git remote rm origin
  430  git remote -v
  431  git remote add origin git@github.com:HKcode22/cs131.git
  432  echo "# cs131" >> README.md
  433  git init
  434  git add README.md
  435  git commit -m "first commit"
  436  git branch -M main
  437  git remote add origin git@github.com:HKcode22/cs131.git
  438  git push -u origin main
  439  git remote remove origin
  440  ls
  441  cd cs131
  442  cd Desktop
  443  ls
  444  cp -r ~/Desktop/cs131 ~/cs131_backup
  445  ls ~/cs131_backup
  446  rm -r ~/Desktop/cs131
  447  rm -rf ~/Desktop/cs131
  448  ls
  449  wget www.github.com
  450  mkdir cs131
  451  cd cs131
  452  git init
  453  touch hamza.txt
  454  ls
  455  git status
  456  git add hamza.txt
  457  git status
  458  git commit -m "This is my first commit!"
  459  git branch
  460  git remote add origin https://github.com/cubeton/mynewrepository.git
  461  git remote -v
  462  git remote add origin git@github.com:HKcode22/cs131.git
  463  git remote -v
  464  git config --get-regexp remote.origin
  465  git remote add origin git@github.com:HKcode22/cs131.git
  466  git remote remove origin
  467  git remote rm origin
  468  git remote add origin git@github.com:HKcode22/cs131.git
  469  cd Desktop
  470  cd ..
  471  cd cs131
  472  cd ..
  473  ls
  474  rm -r ~/Desktop/cs131
  475  ls
  476  cp -r ~/Desktop/cs131 ~/cs131_backup
  477  ls ~/cs131_backup
  478  rm -r ~/Desktop/cs131
  479  ls
  480  mv cs131 ~/cs131_backup
  481  ls ~/Desktop
  482  mv cs131 ~/cs131_backup
  483  mkdir ~/cs131_backup
  484  mv ~/Desktop/cs131/* ~/cs131_backup/
  485  rmdir ~/Desktop/cs131
  486  rm -r ~/Desktop/cs131
  487  ls
  488  rm -r ~/Desktop/cs131
  489  ls
  490  rm -r ~/Desktop/cs131
  491  sudo rm -r ~/Desktop/cs131
  492  rm -rf ~/Desktop/cs131
  493  ls ~/Desktop
  494  mkdir Worksheet1
  495  cd Worksheet1
  496  git init
  497  touch hamza.txt
  498  ls
  499  git status
  500  git add hamza.txt
  501  git status
  502  git commit -m "This is my first commit!"
  503  git branch -M main
  504  git remote add origin git@github.com:HKcode22/cs131.git
  505  git push -u origin master
  506  git push -u origin main
  507  ls -al ~/.ssh
  508  ssh-add ~/.ssh/your-ssh-key
  509  ssh -T git@github.com
  510  cd ssh
  511  ls
  512  ls -ltr
  513  git commit -m "This is my first commit!"
  514  git remote add origin git@github.com:HKcode22/cs131.git
  515  git remote -v
  516  git remote remove origin
  517  git remote add origin git@github.com:HKcode22/cs131.git
  518  git push -u origin master
  519  git push -u origin main
  520  ls -al ~/.ssh
  521  ssh-add ~/.ssh/your-ssh-key
  522  chmod 600 ~/.ssh/your-ssh-key
  523  Host github.com
  524    IdentityFile ~/.ssh/your-ssh-key
  525  ssh -T git@github.com
  526  git remote -v
  527  cd ..
  528  rm -r Worksheet1
  529  ls
  530  rm -rf Worksheet1
  531  ls
  532  mkdir Worksheet1
  533  cd Worksheet1
  534  ls
  535  git init
  536  ls
  537  touch hamza.txt
  538  ls
  539  git status
  540  git add hamza.txt
  541  git satuts
  542  git status
  543  git commit -m "This is my first commit!"
  544  git remote add origin git@github.com:HKcode22/cs131.git
  545  git push -u origin master
  546  ssh -T git@github.com
  547  git remote -v
  548  git remote set-url origin git@github.com:HKcode22/cs131.git
  549  Host github.com
  550   IdentityFile ~/.ssh/id_rsa
  551  ssh -vT git@github.com
  552  ssh -i ~/.ssh/id_rsa -T git@github.com
  553  ls ~/.ssh
  554  ls
  555  git config --global user.email "hk84164@gmail.com"
  556  git config --global user.name "HKcode22"
  557  cd ~/.ssh && ssh-keygen
  558  cat id_rsa.pub
  559  git remote add origin git@github.com:HKcode22/cs131.git
  560  cd ..
  561  cd Worksheet1
  562  cd Desktop
  563  cd Worksheet1
  564  git remote add origin git@github.com:HKcode22/cs131.git
  565  git commit -m "Message"
  566  git push --set-upstream origin master
  567  history > cmds.log
  568  git add cmds.log
  569  git push cmds.log
  570  git status
  571  mv cmds.log Worksheet1/
  572  cd ..
  573  mkdir cs131
  574  cd cs131
  575  cd Worksheet1
  576  ls
  577  cd Worksheet1
  578  mkdir Worksheet1
  579  cd Worksheet1
  580  cd ..
  581  mv cmds.log Worksheet1/
  582  mv cmds.log cs131/Worksheet1/
  583  cd ..
  584  mv cmds.log cs131/Worksheet1/
  585  cd cs131
  586  history > cmds.log
  587  git add cmds.log
  588  git statust
  589  git status
  590  ls
  591  cd cs131
  592  git init
  593  mkdir Worksheet1
  594  cd Worksheet1
  595  history > cmds.log
  596  ls
  597  cd ..
  598  git add .
  599  ls
  600  git init
  601  git add .
  602  git status
  603  git remote add origin git@github.com:HKcode22/cs131_try.git
  604  git push --set-upstream origin master
  605  git remote add origin git@github.com:HKcode22/cs131_try.git
  606  git remote add origin git@github.com:HKcode22/cs131.git
  607  git push --set-upstream origin master
  608  git remote remove origin
  609  git remote add origin git@github.com:HKcode22/cs131.git
  610  git push --set-upstream origin master
  611  git branch -b
  612  git branch
  613  git add .
  614  git commit -m "Hi"
  615  git push origin hi
  616  git checkout -b master
  617  git init
  618  git add README.md
  619  git commit -m"Messege"
  620  git branch -M main
  621  git branch -M master
  622  git remote add origin git@github.com:HKcode22/cs13.git
  623  git remote remove origin
  624  git remote add origin git@github.com:HKcode22/cs131.git
  625  git push --set-upstream origin master
  626  git pull 
  627  git push --set-upstream origin master
  628  git status
  629  git add .
  630  git push --set-upstream origin master
  631  git fetch origi
  632  git fetch origin
  633  git merge origin master
  634  git pull origin master
  635  git pull origin main
  636  git push --set-upstream origin master
  637  git init
  638  git add .
  639  git status
  640  cd ..
  641  rm -r cs131
  642  yes
  643  ls
  644  mkdir cs131
  645  mkdir cs131_try
  646  cd cs131_try
  647  git init
  648  history > cmds.log
  649  ls
  650  cat
  651  cat cmds.log
  652  git add
  653  git add .
  654  git status
  655  git commit -m "First commit"
  656  git status
  657  git push origin main
  658  git push origin master
  659  git push
  660  git remote add origin git@github.com:HKcode22/cs131_try.git
  661  git push
  662   git push --set-upstream origin master
  663  ls
  664  mkdir Worksheet1
  665  cd Worksheet1
  666  history > cmds.log
  667  ls
  668  cd ..
  669  git add .
  670  git status
  671  git commit -m "First messege"
  672  git push
  673  cd ..
  674  ls
  675  cd cs131
  676  lx
  677  ls
  678  mkdir Worksheet1
  679  ls
  680  cd Worksheet1
  681  history > cmds.log
  682  ls
  683  cd ..
  684  git add .
  685  ls
  686  git init
  687  git add .
  688  git status
  689  git push origin main
  690  git push origin master
  691  git remote add origin git@github.com:HKcode22/cs131_try.git
  692  git push --set-upstream origin master
  693  git push origin master
  694  git push --set-upstream origin master
  695  cd ..
  696  rm -r cs131
  697  sudo rm -r cs131
  698  ls
  699  sudo rm -rf cs131
  700  rm cs131
  701  rmdir cs131
  702  cs131
  703  cd cs131
  704  ls
  705  cd ..
  706  rm cs131
  707  rm -r cs131
  708  ls
  709  rm -r cs131
  710  rm -ir cs131
  711  mkdir cs131
  712  cd cs131
  713  ls
  714  git status
  715  rm 
  716  ls
  717  rm Worksheet
  718  rm Worksheet1
  719  [sudo] password for hamzaf23: 
  720  Sorry, try again.
  721  [sudo] password for hamzaf23: 
  722  Sorry, try again.
  723  [sudo] password for hamzaf23: 
  724  ls
  725  rm -r cs131
  726  ls cs131
  727  ls
  728  mv cs131_try cs131
  729  ls
  730  cd cs131
  731  ls
  732  git init
  733  git status
  734  git remote add origin git@github.com:HKcode22/cs131.git
  735  git push --set-upstream origin master
  736  git commit -m "Correct cs131"
  737  git push --set-upstream origin master
  738  mkdir sampleProject
  739  ls -ltr
  740  cd sampleProject/
  741  touch sampleFile.txt
  742  cd ..
  743  git init
  744  git add .
  745  git status
  746  git config --global user.email "hk84164@gmail.com"
  747  git config --global user.name "Hamza Khan"
  748  cd ~/.ssh && ssh-keygen
  749  cat id_rsa.pub
  750  cd ..
  751  cd cs131
  752  ls
  753  git commit -m "Message"
  754  git push --set-upstream origin master
  755  cd cs131
  756  mkdir Worksheet2
  757  ls
  758  rm cmds.log
  759  ls
  760  cd Worksheet2
  761  cd ..
  762  git push --set-upstream origin master
  763  git push origin master
  764  git rm cmds.log
  765  git push origin master
  766  ls
  767  git rm cmds.log
  768  git commit -m "Remove cmds.log"
  769  git push origin master
  770  cd Worksheet2
  771  wget https://raw.githubusercontent.com/khanchandaniashish/CS131/main/Global%20YouTube%20Statistics.csv
  772  grep -w "United States" "Global YouTube Statistics.csv"
  773  grep "United States" "Global YouTube Statistics.csv"
  774  grep -w "United States" "Global YouTube Statistics.csv"
  775  grep -i "Music" "Global YouTube Statistics.csv"
  776  grep "United States" "Global YouTube Statistics.csv" > counts.txt
  777  grep "Music" "Global YouTube Statistics.csv" >> counts.txt
  778  wc -l < counts.txt >> counts.txt
  779  wc -w < counts.txt >> counts.txt
  780  ls
  781  vi counts.txt
  782  grep "Music" "Global YouTube Statistics.csv" | wc -l > counts.txt
  783  grep "Music" "Global YouTube Statistics.csv" | wc -w >> counts.txt
  784  vi counts.txt
  785  history > cmds.log
  786  cd cs131
  787  ls
  788  git add .
  789  git init
  790  git status
  791  git commit -m "Messege"
  792  git push --set-upstream origin master
  793  wget https://raw.githubusercontent.com/khanchandaniashish/CS131/main/Global%20YouTube%20Statistics.csv
  794  mkdir Worksheet3
  795  cd Worksheet3
  796  wget https://raw.githubusercontent.com/khanchandaniashish/CS131/main/Global%20YouTube%20Statistics.csv
  797  grep -E 'United States|United Kingdom|India' ws3.txt > ws3_filtered.txt
  798  sort -t ',' -k youtube_dataset.csv > ws3.txt
  799  sort -t ',' -k 4,4n youtube_dataset.csv > ws3.txt
  800  wget https://raw.githubusercontent.com/khanchandaniashish/CS131/main/Global%20YouTube%20Statistics.csv
  801  cd Worksheet3
  802  grep -E 'United States|United Kingdom|India' youtube_data.csv | sort -t ',' -k 2 -n -r > ws3.txt
  803  wget https://raw.githubusercontent.com/khanchandaniashish/CS131/main/Global%20YouTube%20Statistics.csv
  804  grep -E 'United States|United Kingdom|India' youtube_data.csv | sort -t ',' -k 2 -n -r > ws3.txt
  805  cd Worksheet3
  806  grep -E 'United States|United Kingdom|India' "Global YouTube Statistics.cvs" | sort -t ',' -k 2 -n -r > ws3.txt
  807  grep -E 'United States|United Kingdom|India' "Global YouTube Statistics.csv" | sort -t ',' -k 2 -n -r > ws3.txt
  808  sort -t, -k5,5nr Global\ YouTube\ Statistics.csv > ws3.txt
  809  wget https://raw.githubusercontent.com/khanchandaniashish/CS131/main/Global%20YouTube%20Statistics.csv
  810  ls
  811  head -n 1 'Global YouTube Statistics.csv' | tr ',' '\n' | grep -n 'highest_monthly_earnings'
  812  # Sort the "highest_monthly_earnings" to find the highest monthly earner from the United States, the United Kingdom, and India
  813  grep -E 'United States|United Kingdom|India' 'Global YouTube Statistics.csv' | sort -t',' -k16 -n -r > ws3.txt
  814  # Sort the "highest_monthly_earnings" to find the highest monthly earner from the United States, the United Kingdom, and India
  815  grep -E 'United States|United Kingdom|India' 'Global YouTube Statistics.csv' | sort -t',' -k16 -n -r > ws3.txt
  816  ls
  817  head -n 1 'Global YouTube Statistics.csv' | tr ',' '\n' | grep -n '#Subscribers'
  818  grep -E 'United States|United Kingdom|India' 'Global YouTube Statistics.csv' | sort -t',' -k16 -n -r > ws3.txt
  819  head -n 1 'Global YouTube Statistics.csv' | tr ',' '\n' | grep -n 'highest_monthly_earnings'
  820  head -n 1 'Global YouTube Statistics.csv' | tr ',' '\n' | grep -n '#Subscribers'
  821  head -n 1 'Global YouTube Statistics.csv' | tr ',' '\n' | grep -n 'Subscribers'
  822  head -n 1 'Global YouTube Statistics.csv' | tr ',' '\n' | grep -i -n 'subscribers'
  823  head -n 1 'Global YouTube Statistics.csv' | tr ',' '\n' | grep -i -n '#Subscribers'
  824  sort -t',' -k3 -n -r 'Global YouTube Statistics.csv' > ws3.txt
  825  vi ws3.txt
  826  sort -t',' -k3 -n -r 'Global YouTube Statistics.csv' > ws3.txt
  827  vi ws3.txt
  828  sort -t',' -k16 -n -r 'Global YouTube Statistics.csv' > ws3_task1.txt
  829  sort -t',' -k3 -n -r 'Global YouTube Statistics.csv' > ws3_task2.txt
  830  vi ws3.txt
  831  grep -E 'United States|United Kingdom|India' 'Global YouTube Statistics.csv' | sort -t',' -k16 -n -r > ws3.txt
  832  grep -E 'United States|United Kingdom|India' 'Global YouTube Statistics.csv' | sort -t',' -k3 -n -r > ws3.txt
  833  vi ws3.txt
  834  history > cmds.log
  835  vi ws3.txt
  836  head -n 1 'Global YouTube Statistics.csv' | tr ',' '\n' | grep -n 'highest_monthly_earnings'
  837  ws3.txt
  838  vi ws3.txt
  839  rm ws3.txt
  840  vi ws3.txt
  841  grep -E 'United States|United Kingdom|India' 'Global YouTube Statistics.csv' | sort -t',' -k3 -n -r > ws3.txt
  842  grep -E 'United States|United Kingdom|India' 'Global YouTube Statistics.csv' | sort -t',' -k16 -n -r > ws3.txt
  843  vi ws3.txt
  844  sort ws3.txt
  845  vi ws3.txt
  846  history > cmds.log
  847  cd ..
  848  git add cmds.log
  849  git push
  850  git push --set-upstream origin master
  851  git add Worksheet3
  852  git commit -m "Add ws3.txt and cmds.log"
  853  cd Worksheet3
  854  ls
  855  vi ws3_filtered.txt
  856  vi ws3.txt
  857  rm ws3_filtered.txt
  858  ws3_task1.txt
  859  rm ws3_task1.txt
  860  rm Global YouTube Statistics.csv.3
  861  rm ws3.txt.swp
  862  cd ..
  863  git commit -m "Add counts.txt and cmds.log"
  864  git add Worksheet3
  865  git commit -m "Add counts.txt and cmds.log"
  866  git push origin master
  867  cd Worksheet3
  868  git commit -m "Add counts.txt and cmds.log"
  869  git push origin master
  870  cd ..
  871  git add .
  872  git add
  873  git status
  874  git add Worksheet1
  875  git add Desktop/Worksheet1
  876  git status
  877  git restore Worksheet1
  878  git status
  879  git add Worksheet1
  880  git statu
  881  git status
  882  ls
  883  cd Worksheet1
  884  cd Worksheet
  885  cd Workhseet1
  886  cd Worksheet2
  887  ls
  888  git status
  889  cd cs131
  890  ls
  891  cd ..
  892  mw Worksheet3 cs131
  893  mv Worksheet3 cs131
  894  ls
  895  cs131
  896  cd cs131
  897  ls
  898  git add Worksheet3
  899  git commit -m "Add ws3.txt and cmds.log"
  900  rm ws3_task2.txt
  901  cd Worksheet3
  902  rm ws3_task2.txt
  903  cd ..
  904  git push origin master
  905  cd Worksheet3
  906  rm ws3.txt.swd
  907  rm .ws3.txt.swd
  908  rm .ws3.txt.swe
  909  rm .ws3.txt.swp
  910  rm .ws3.txt.swo
  911  rm .ws3.txt.swm  .ws3.txt.swl
  912  rm .ws3.txt.swf
  913  ls
  914  rm 'Global YouTube Statistics.csv.2
  915  'Global YouTube Statistics.csv.2
  916  rm Global YouTube Statistics.csv.2
  917  rm 'Global YouTube Statistics.csv.2'
  918  rm 'Global YouTube Statistics.csv.1'
  919  ls
  920  rm 'Global YouTube Statistics.csv.3'
  921  cd //
  922  cd ..
  923  cd cs131
  924  cd ..
  925  cd .
  926  cd //
  927  rm 'Global YouTube Statistics.csv.3'
  928  cd back
  929  cd ~
  930  cd cs131
  931  git commit -m "Add ws3.txt and cmds.log"
  932  git add
  933  git add .
  934  git add Worksheet3
  935  git commit -m "Add ws3.txt and cmds.log"
  936  ls
  937  cd Worksheet3
  938  ls
  939  rm .ws3.txt.swd .ws3.txt.swe .ws3.txt.swf .ws3.txt.swg .ws3.txt.swh .ws3.txt.swi .ws3.txt.swj .ws3.txt.swk .ws3.txt.swl .ws3.txt.swm .ws3.txt.swo .ws3.txt.swp .ws3_filtered.txt.swp Global YouTube Statistics.csv.3
  940  cd ..
  941  git commit -m "Add ws3.txt and cmds.log"
  942  git add
  943  git add Worksheet3
  944  git commit -m "Add ws3.txt and cmds.log"
  945  rm .ws3.txt.swg
  946  cd Worksheet3
  947  rm .ws3.txt.swj
  948  vi ws3.txt
  949  cd ..
  950  git add Worksheet3
  951  git push origin master
  952  mkdir Assignment1
  953  cd Assignment1
  954  echo $SHELL
  955  cd ..
  956  echo $HOME
  957  id
  958  cd Assignment1
  959  id
  960  ls
  961  cd cs131
  962  cd Assignment1
  963  cd ..
  964  echo $HOME
  965  cd Assignment1
  966  echo $SHELL
  967  cd ..
  968  echo $HOME
  969  id
  970  cd Assignment1
  971  id
  972  mkdir myDir
  973  chmod -w myDir
  974  cd myDir
  975  cd ..
  976  chmod -w -x myDir
  977  cd myDir
  978  ls
  979  ls -l
  980  mkdir myDir2 myDir3
  981  cd myDir2
  982  touch myFile.txt
  983  mv myFile.txt myDir3
  984  free -m
  985  cat /etc/os-release
  986  ls -l /etc/os-release
  987  cd ..
  988  history > cmds.log
  989  cd ..
  990  git add Assignment1
  991  cd Assignment1
  992  vi Assignment1.txt
  993  cat /etc/os-release
  994  ls -l /etc/os-release
  995  cd Assignment1
  996  cd cs131
  997  cd Assignment1
  998  history > cmds.log
