    1  chmod 600 ~/.ssh/your-ssh-key
    2  Host github.com
    3    IdentityFile ~/.ssh/your-ssh-key
    4  ssh -T git@github.com
    5  git remote -v
    6  cd ..
    7  rm -r Worksheet1
    8  ls
    9  rm -rf Worksheet1
   10  ls
   11  mkdir Worksheet1
   12  cd Worksheet1
   13  ls
   14  git init
   15  ls
   16  touch hamza.txt
   17  ls
   18  git status
   19  git add hamza.txt
   20  git satuts
   21  git status
   22  git commit -m "This is my first commit!"
   23  git remote add origin git@github.com:HKcode22/cs131.git
   24  git push -u origin master
   25  ssh -T git@github.com
   26  git remote -v
   27  git remote set-url origin git@github.com:HKcode22/cs131.git
   28  Host github.com
   29   IdentityFile ~/.ssh/id_rsa
   30  ssh -vT git@github.com
   31  ssh -i ~/.ssh/id_rsa -T git@github.com
   32  ls ~/.ssh
   33  ls
   34  git config --global user.email "hk84164@gmail.com"
   35  git config --global user.name "HKcode22"
   36  cd ~/.ssh && ssh-keygen
   37  cat id_rsa.pub
   38  git remote add origin git@github.com:HKcode22/cs131.git
   39  cd ..
   40  cd Worksheet1
   41  cd Desktop
   42  cd Worksheet1
   43  git remote add origin git@github.com:HKcode22/cs131.git
   44  git commit -m "Message"
   45  git push --set-upstream origin master
   46  history > cmds.log
   47  git add cmds.log
   48  git push cmds.log
   49  git status
   50  mv cmds.log Worksheet1/
   51  cd ..
   52  mkdir cs131
   53  cd cs131
   54  cd Worksheet1
   55  ls
   56  cd Worksheet1
   57  mkdir Worksheet1
   58  cd Worksheet1
   59  cd ..
   60  mv cmds.log Worksheet1/
   61  mv cmds.log cs131/Worksheet1/
   62  cd ..
   63  mv cmds.log cs131/Worksheet1/
   64  cd cs131
   65  history > cmds.log
   66  git add cmds.log
   67  git statust
   68  git status
   69  ls
   70  cd cs131
   71  git init
   72  mkdir Worksheet1
   73  cd Worksheet1
   74  history > cmds.log
   75  ls
   76  cd ..
   77  git add .
   78  ls
   79  git init
   80  git add .
   81  git status
   82  git remote add origin git@github.com:HKcode22/cs131_try.git
   83  git push --set-upstream origin master
   84  git remote add origin git@github.com:HKcode22/cs131_try.git
   85  git remote add origin git@github.com:HKcode22/cs131.git
   86  git push --set-upstream origin master
   87  git remote remove origin
   88  git remote add origin git@github.com:HKcode22/cs131.git
   89  git push --set-upstream origin master
   90  git branch -b
   91  git branch
   92  git add .
   93  git commit -m "Hi"
   94  git push origin hi
   95  git checkout -b master
   96  git init
   97  git add README.md
   98  git commit -m"Messege"
   99  git branch -M main
  100  git branch -M master
  101  git remote add origin git@github.com:HKcode22/cs13.git
  102  git remote remove origin
  103  git remote add origin git@github.com:HKcode22/cs131.git
  104  git push --set-upstream origin master
  105  git pull 
  106  git push --set-upstream origin master
  107  git status
  108  git add .
  109  git push --set-upstream origin master
  110  git fetch origi
  111  git fetch origin
  112  git merge origin master
  113  git pull origin master
  114  git pull origin main
  115  git push --set-upstream origin master
  116  git init
  117  git add .
  118  git status
  119  cd ..
  120  rm -r cs131
  121  yes
  122  ls
  123  mkdir cs131
  124  mkdir cs131_try
  125  cd cs131_try
  126  git init
  127  history > cmds.log
  128  ls
  129  cat
  130  cat cmds.log
  131  git add
  132  git add .
  133  git status
  134  git commit -m "First commit"
  135  git status
  136  git push origin main
  137  git push origin master
  138  git push
  139  git remote add origin git@github.com:HKcode22/cs131_try.git
  140  git push
  141   git push --set-upstream origin master
  142  ls
  143  mkdir Worksheet1
  144  cd Worksheet1
  145  history > cmds.log
  146  ls
  147  cd ..
  148  git add .
  149  git status
  150  git commit -m "First messege"
  151  git push
  152  cd ..
  153  ls
  154  cd cs131
  155  lx
  156  ls
  157  mkdir Worksheet1
  158  ls
  159  cd Worksheet1
  160  history > cmds.log
  161  ls
  162  cd ..
  163  git add .
  164  ls
  165  git init
  166  git add .
  167  git status
  168  git push origin main
  169  git push origin master
  170  git remote add origin git@github.com:HKcode22/cs131_try.git
  171  git push --set-upstream origin master
  172  git push origin master
  173  git push --set-upstream origin master
  174  cd ..
  175  rm -r cs131
  176  sudo rm -r cs131
  177  ls
  178  sudo rm -rf cs131
  179  rm cs131
  180  rmdir cs131
  181  cs131
  182  cd cs131
  183  ls
  184  cd ..
  185  rm cs131
  186  rm -r cs131
  187  ls
  188  rm -r cs131
  189  rm -ir cs131
  190  mkdir cs131
  191  cd cs131
  192  ls
  193  git status
  194  rm 
  195  ls
  196  rm Worksheet
  197  rm Worksheet1
  198  [sudo] password for hamzaf23: 
  199  Sorry, try again.
  200  [sudo] password for hamzaf23: 
  201  Sorry, try again.
  202  [sudo] password for hamzaf23: 
  203  ls
  204  rm -r cs131
  205  ls cs131
  206  ls
  207  mv cs131_try cs131
  208  ls
  209  cd cs131
  210  ls
  211  git init
  212  git status
  213  git remote add origin git@github.com:HKcode22/cs131.git
  214  git push --set-upstream origin master
  215  git commit -m "Correct cs131"
  216  git push --set-upstream origin master
  217  mkdir sampleProject
  218  ls -ltr
  219  cd sampleProject/
  220  touch sampleFile.txt
  221  cd ..
  222  git init
  223  git add .
  224  git status
  225  git config --global user.email "hk84164@gmail.com"
  226  git config --global user.name "Hamza Khan"
  227  cd ~/.ssh && ssh-keygen
  228  cat id_rsa.pub
  229  cd ..
  230  cd cs131
  231  ls
  232  git commit -m "Message"
  233  git push --set-upstream origin master
  234  cd cs131
  235  mkdir Worksheet2
  236  ls
  237  rm cmds.log
  238  ls
  239  cd Worksheet2
  240  cd ..
  241  git push --set-upstream origin master
  242  git push origin master
  243  git rm cmds.log
  244  git push origin master
  245  ls
  246  git rm cmds.log
  247  git commit -m "Remove cmds.log"
  248  git push origin master
  249  cd Worksheet2
  250  wget https://raw.githubusercontent.com/khanchandaniashish/CS131/main/Global%20YouTube%20Statistics.csv
  251  grep -w "United States" "Global YouTube Statistics.csv"
  252  grep "United States" "Global YouTube Statistics.csv"
  253  grep -w "United States" "Global YouTube Statistics.csv"
  254  grep -i "Music" "Global YouTube Statistics.csv"
  255  grep "United States" "Global YouTube Statistics.csv" > counts.txt
  256  grep "Music" "Global YouTube Statistics.csv" >> counts.txt
  257  wc -l < counts.txt >> counts.txt
  258  wc -w < counts.txt >> counts.txt
  259  ls
  260  vi counts.txt
  261  grep "Music" "Global YouTube Statistics.csv" | wc -l > counts.txt
  262  grep "Music" "Global YouTube Statistics.csv" | wc -w >> counts.txt
  263  vi counts.txt
  264  history > cmds.log
  265  cd cs131
  266  ls
  267  git add .
  268  git init
  269  git status
  270  git commit -m "Messege"
  271  git push --set-upstream origin master
  272  wget https://raw.githubusercontent.com/khanchandaniashish/CS131/main/Global%20YouTube%20Statistics.csv
  273  mkdir Worksheet3
  274  cd Worksheet3
  275  wget https://raw.githubusercontent.com/khanchandaniashish/CS131/main/Global%20YouTube%20Statistics.csv
  276  grep -E 'United States|United Kingdom|India' ws3.txt > ws3_filtered.txt
  277  sort -t ',' -k youtube_dataset.csv > ws3.txt
  278  sort -t ',' -k 4,4n youtube_dataset.csv > ws3.txt
  279  wget https://raw.githubusercontent.com/khanchandaniashish/CS131/main/Global%20YouTube%20Statistics.csv
  280  cd Worksheet3
  281  grep -E 'United States|United Kingdom|India' youtube_data.csv | sort -t ',' -k 2 -n -r > ws3.txt
  282  wget https://raw.githubusercontent.com/khanchandaniashish/CS131/main/Global%20YouTube%20Statistics.csv
  283  grep -E 'United States|United Kingdom|India' youtube_data.csv | sort -t ',' -k 2 -n -r > ws3.txt
  284  cd Worksheet3
  285  grep -E 'United States|United Kingdom|India' "Global YouTube Statistics.cvs" | sort -t ',' -k 2 -n -r > ws3.txt
  286  grep -E 'United States|United Kingdom|India' "Global YouTube Statistics.csv" | sort -t ',' -k 2 -n -r > ws3.txt
  287  sort -t, -k5,5nr Global\ YouTube\ Statistics.csv > ws3.txt
  288  wget https://raw.githubusercontent.com/khanchandaniashish/CS131/main/Global%20YouTube%20Statistics.csv
  289  ls
  290  head -n 1 'Global YouTube Statistics.csv' | tr ',' '\n' | grep -n 'highest_monthly_earnings'
  291  # Sort the "highest_monthly_earnings" to find the highest monthly earner from the United States, the United Kingdom, and India
  292  grep -E 'United States|United Kingdom|India' 'Global YouTube Statistics.csv' | sort -t',' -k16 -n -r > ws3.txt
  293  # Sort the "highest_monthly_earnings" to find the highest monthly earner from the United States, the United Kingdom, and India
  294  grep -E 'United States|United Kingdom|India' 'Global YouTube Statistics.csv' | sort -t',' -k16 -n -r > ws3.txt
  295  ls
  296  head -n 1 'Global YouTube Statistics.csv' | tr ',' '\n' | grep -n '#Subscribers'
  297  grep -E 'United States|United Kingdom|India' 'Global YouTube Statistics.csv' | sort -t',' -k16 -n -r > ws3.txt
  298  head -n 1 'Global YouTube Statistics.csv' | tr ',' '\n' | grep -n 'highest_monthly_earnings'
  299  head -n 1 'Global YouTube Statistics.csv' | tr ',' '\n' | grep -n '#Subscribers'
  300  head -n 1 'Global YouTube Statistics.csv' | tr ',' '\n' | grep -n 'Subscribers'
  301  head -n 1 'Global YouTube Statistics.csv' | tr ',' '\n' | grep -i -n 'subscribers'
  302  head -n 1 'Global YouTube Statistics.csv' | tr ',' '\n' | grep -i -n '#Subscribers'
  303  sort -t',' -k3 -n -r 'Global YouTube Statistics.csv' > ws3.txt
  304  vi ws3.txt
  305  sort -t',' -k3 -n -r 'Global YouTube Statistics.csv' > ws3.txt
  306  vi ws3.txt
  307  sort -t',' -k16 -n -r 'Global YouTube Statistics.csv' > ws3_task1.txt
  308  sort -t',' -k3 -n -r 'Global YouTube Statistics.csv' > ws3_task2.txt
  309  vi ws3.txt
  310  grep -E 'United States|United Kingdom|India' 'Global YouTube Statistics.csv' | sort -t',' -k16 -n -r > ws3.txt
  311  grep -E 'United States|United Kingdom|India' 'Global YouTube Statistics.csv' | sort -t',' -k3 -n -r > ws3.txt
  312  vi ws3.txt
  313  history > cmds.log
  314  vi ws3.txt
  315  head -n 1 'Global YouTube Statistics.csv' | tr ',' '\n' | grep -n 'highest_monthly_earnings'
  316  ws3.txt
  317  vi ws3.txt
  318  rm ws3.txt
  319  vi ws3.txt
  320  grep -E 'United States|United Kingdom|India' 'Global YouTube Statistics.csv' | sort -t',' -k3 -n -r > ws3.txt
  321  grep -E 'United States|United Kingdom|India' 'Global YouTube Statistics.csv' | sort -t',' -k16 -n -r > ws3.txt
  322  vi ws3.txt
  323  sort ws3.txt
  324  vi ws3.txt
  325  history > cmds.log
  326  cd ..
  327  git add cmds.log
  328  git push
  329  git push --set-upstream origin master
  330  git add Worksheet3
  331  git commit -m "Add ws3.txt and cmds.log"
  332  cd Worksheet3
  333  ls
  334  vi ws3_filtered.txt
  335  vi ws3.txt
  336  rm ws3_filtered.txt
  337  ws3_task1.txt
  338  rm ws3_task1.txt
  339  rm Global YouTube Statistics.csv.3
  340  rm ws3.txt.swp
  341  cd ..
  342  git commit -m "Add counts.txt and cmds.log"
  343  git add Worksheet3
  344  git commit -m "Add counts.txt and cmds.log"
  345  git push origin master
  346  cd Worksheet3
  347  git commit -m "Add counts.txt and cmds.log"
  348  git push origin master
  349  cd ..
  350  git add .
  351  git add
  352  git status
  353  git add Worksheet1
  354  git add Desktop/Worksheet1
  355  git status
  356  git restore Worksheet1
  357  git status
  358  git add Worksheet1
  359  git statu
  360  git status
  361  ls
  362  cd Worksheet1
  363  cd Worksheet
  364  cd Workhseet1
  365  cd Worksheet2
  366  ls
  367  git status
  368  cd cs131
  369  ls
  370  cd ..
  371  mw Worksheet3 cs131
  372  mv Worksheet3 cs131
  373  ls
  374  cs131
  375  cd cs131
  376  ls
  377  git add Worksheet3
  378  git commit -m "Add ws3.txt and cmds.log"
  379  rm ws3_task2.txt
  380  cd Worksheet3
  381  rm ws3_task2.txt
  382  cd ..
  383  git push origin master
  384  cd Worksheet3
  385  rm ws3.txt.swd
  386  rm .ws3.txt.swd
  387  rm .ws3.txt.swe
  388  rm .ws3.txt.swp
  389  rm .ws3.txt.swo
  390  rm .ws3.txt.swm  .ws3.txt.swl
  391  rm .ws3.txt.swf
  392  ls
  393  rm 'Global YouTube Statistics.csv.2
  394  'Global YouTube Statistics.csv.2
  395  rm Global YouTube Statistics.csv.2
  396  rm 'Global YouTube Statistics.csv.2'
  397  rm 'Global YouTube Statistics.csv.1'
  398  ls
  399  rm 'Global YouTube Statistics.csv.3'
  400  cd //
  401  cd ..
  402  cd cs131
  403  cd ..
  404  cd .
  405  cd //
  406  rm 'Global YouTube Statistics.csv.3'
  407  cd back
  408  cd ~
  409  cd cs131
  410  git commit -m "Add ws3.txt and cmds.log"
  411  git add
  412  git add .
  413  git add Worksheet3
  414  git commit -m "Add ws3.txt and cmds.log"
  415  ls
  416  cd Worksheet3
  417  ls
  418  rm .ws3.txt.swd .ws3.txt.swe .ws3.txt.swf .ws3.txt.swg .ws3.txt.swh .ws3.txt.swi .ws3.txt.swj .ws3.txt.swk .ws3.txt.swl .ws3.txt.swm .ws3.txt.swo .ws3.txt.swp .ws3_filtered.txt.swp Global YouTube Statistics.csv.3
  419  cd ..
  420  git commit -m "Add ws3.txt and cmds.log"
  421  git add
  422  git add Worksheet3
  423  git commit -m "Add ws3.txt and cmds.log"
  424  rm .ws3.txt.swg
  425  cd Worksheet3
  426  rm .ws3.txt.swj
  427  vi ws3.txt
  428  cd ..
  429  git add Worksheet3
  430  git push origin master
  431  mkdir Assignment1
  432  cd Assignment1
  433  echo $SHELL
  434  cd ..
  435  echo $HOME
  436  id
  437  cd Assignment1
  438  id
  439  ls
  440  cd cs131
  441  cd Assignment1
  442  cd ..
  443  echo $HOME
  444  cd Assignment1
  445  echo $SHELL
  446  cd ..
  447  echo $HOME
  448  id
  449  cd Assignment1
  450  id
  451  mkdir myDir
  452  chmod -w myDir
  453  cd myDir
  454  cd ..
  455  chmod -w -x myDir
  456  cd myDir
  457  ls
  458  ls -l
  459  mkdir myDir2 myDir3
  460  cd myDir2
  461  touch myFile.txt
  462  mv myFile.txt myDir3
  463  free -m
  464  cat /etc/os-release
  465  ls -l /etc/os-release
  466  cd ..
  467  history > cmds.log
  468  cd ..
  469  git add Assignment1
  470  cd Assignment1
  471  vi Assignment1.txt
  472  cat /etc/os-release
  473  ls -l /etc/os-release
  474  cd Assignment1
  475  cd cs131
  476  cd Assignment1
  477  history > cmds.log
  478  git commit -m "cmds.log and myDir2 and myDir3"
  479  ls
  480  git commit -m "cmds.log and myDir and myDir2 and myDir3"
  481  cd ..
  482  git add Assingment1
  483  git add Assignment1
  484  git status
  485  cd Assignment1
  486  git push origin master
  487  ls
  488  cd myDir2
  489  ls
  490  rm myDir3
  491  ls
  492  cd ..
  493  ls
  494  cd ..
  495  git add Assignment1
  496  git status
  497  cd Assignment1
  498  cd cs131
  499  cd Assignment1
  500  ls
  501  cd cmd.log
  502  cmds.log
  503  cd cmds.log
  504  history
  505  cd Worksheet3
  506  pwd
  507  ls
  508  cd cs131
  509  ls
  510  cd worksheet3
  511  cs Worksheet3
  512  cd Worksheet3
  513  vi ws3.txt
  514  grep "United States" ws3.txt | sort -t',' -k16 -n -r | head -n 1 | cut -d',' -f2
  515  grep "United Kingdom" ws3.txt | sort -t',' -k16 -n -r | head -n 1 | cut -d',' -f2
  516  grep "India" ws3.txt | sort -t',' -k16 -n -r | head -n 1 | cut -d',' -f2
  517  grep "United States" ws3.txt | sort -t',' -k16 -n -r | head -n 1 | cut -d',' -f2 > ws3.txt
  518  grep "India" ws3.txt | sort -t',' -k16 -n -r | head -n 1 | cut -d',' -f2 > ws3.txt
  519  grep "United Kingdom" ws3.txt | sort -t',' -k16 -n -r | head -n 1 | cut -d',' -f2 > ws3.txt
  520  vi ws3.txt
  521  grep "United States" ws3.txt | sort -t',' -k16 -n -r | head -n 1 | cut -d',' -f2 >> ws3.txt
  522  vi ws3.txt
  523  grep "United States" ws3.txt | sort -t',' -k16 -n -r | head -n 1 | cut -d',' -f2 > ws3.txt
  524  grep "United Kingdom" ws3.txt | sort -t',' -k16 -n -r | head -n 1 | cut -d',' -f2 >> ws3.txt
  525  grep "India" ws3.txt | sort -t',' -k16 -n -r | head -n 1 | cut -d',' -f2 >> ws3.txt
  526  vi ws3.txt
  527  grep "United States" 'Global YouTube Statistics.csv' | sort -t',' -k16 -n -r | head -n 1 | cut -d',' -f2 >> ws3.txt
  528  grep "United States" 'Global YouTube Statistics.csv' | sort -t',' -k16 -n -r | head -n 1 | cut -d',' -f2 > ws3.txt
  529  vi ws3.txt
  530  grep "United Kingdom" 'Global YouTube Statistics.csv' | sort -t',' -k16 -n -r | head -n 1 | cut -d',' -f2 > ws3.txt
  531  grep "India" 'Global YouTube Statistics.csv' | sort -t',' -k16 -n -r | head -n 1 | cut -d',' -f2 > ws3.txt
  532  grep "United States" 'Global YouTube Statistics.csv' | sort -t',' -k3-n -r | head -n 1 | cut -d',' -f2 >> ws3.txt
  533  grep "United Kingdom" 'Global YouTube Statistics.csv' | sort -t',' -k3-n -r | head -n 1 | cut -d',' -f2 >> ws3.txt
  534  grep "United States" 'Global YouTube Statistics.csv' | sort -t',' -k3 -n -r | head -n 1 | cut -d',' -f2 >> ws3.txt
  535  grep "United Kingdom" 'Global YouTube Statistics.csv' | sort -t',' -k3 -n -r | head -n 1 | cut -d',' -f2 > ws3.txt
  536  grep "India" 'Global YouTube Statistics.csv' | sort -t',' -k3 -n -r | head -n 1 | cut -d',' -f2 > ws3.txt
  537  vi ws3.txt
  538  grep "United States" 'Global YouTube Statistics.csv' | sort -t',' -k16 -n -r | head -n 1 | cut -d',' -f2 > ws3.txt
  539  grep "United Kingdom" 'Global YouTube Statistics.csv' | sort -t',' -k16 -n -r | head -n 1 | cut -d',' -f2 >> ws3.txt
  540  grep "India" 'Global YouTube Statistics.csv' | sort -t',' -k16 -n -r | head -n 1 | cut -d',' -f2 >> ws3.txt
  541  vi ws3.txt
  542  grep "United States" 'Global YouTube Statistics.csv' | sort -t',' -k3 -n -r | head -n 1 | cut -d',' -f2 >> ws3.txt
  543  grep "United Kingdom" 'Global YouTube Statistics.csv' | sort -t',' -k3 -n -r | head -n 1 | cut -d',' -f2 >> ws3.txt
  544  grep "India" 'Global YouTube Statistics.csv' | sort -t',' -k3 -n -r | head -n 1 | cut -d',' -f2 >> ws3.txt
  545  vi ws3.txt
  546  grep "United States" 'Global YouTube Statistics.csv' | sort -t',' -k16 -n -r | head -n 1 | cut -d',' -f2 > ws3.txt
  547  grep "United Kingdom" 'Global YouTube Statistics.csv' | sort -t',' -k16 -n -r | head -n 1 | cut -d',' -f2 >> ws3.txt
  548  grep "India" 'Global YouTube Statistics.csv' | sort -t',' -k16 -n -r | head -n 1 | cut -d',' -f2 >> ws3.txt
  549  "Sports" 'Global YouTube Statistics.csv' | sort -t',' -k3 -n -r | head -n 1 | cut -d',' -f2 >> ws3.txt
  550  "Sport" 'Global YouTube Statistics.csv' | sort -t',' -k3 -n -r | head -n 1 | cut -d',' -f2 >> ws3.txt
  551  grep "Sports" 'Global YouTube Statistics.csv' | sort -t',' -k16 -n -r | head -n 1 | cut -d',' -f2 >> ws3.txt
  552  grep "Education" 'Global YouTube Statistics.csv' | sort -t',' -k16 -n -r | head -n 1 | cut -d',' -f2 >> ws3.txt
  553  grep "United States" 'Global YouTube Statistics.csv' | sort -t',' -k16 -n -r | head -n 1 | cut -d',' -f2 > ws3.txt
  554  grep "United Kingdom" 'Global YouTube Statistics.csv' | sort -t',' -k16 -n -r | head -n 1 | cut -d',' -f2 >> ws3.txt
  555  grep "India" 'Global YouTube Statistics.csv' | sort -t',' -k16 -n -r | head -n 1 | cut -d',' -f2 >> ws3.tx
  556  grep "Sports" 'Global YouTube Statistics.csv' | sort -t',' -k3 -n -r | head -n 1 | cut -d',' -f2 >> ws3.txt
  557  grep "Education" 'Global YouTube Statistics.csv' | sort -t',' -k3 -n -r | head -n 1 | cut -d',' -f2 >> ws3.txt
  558  grep "Entertainment" 'Global YouTube Statistics.csv' | sort -t',' -k3 -n -r | head -n 1 | cut -d',' -f2 >> ws3.txt
  559  vi ws3.txt
  560  grep "Entertainment" 'Global YouTube Statistics.csv' | sort -t',' -k3 -n -r | head -n 1 | cut -d',' -f2 >> ws3.txt
  561  grep "United States" 'Global YouTube Statistics.csv' | sort -t',' -k16 -n -r | head -n 1 | cut -d',' -f2 > ws3.txt
  562  grep "United Kingdom" 'Global YouTube Statistics.csv' | sort -t',' -k16 -n -r | head -n 1 | cut -d',' -f2 >> ws3.txt
  563  grep "India" 'Global YouTube Statistics.csv' | sort -t',' -k16 -n -r | head -n 1 | cut -d',' -f2 >> ws3.tx
  564  grep "Sports" 'Global YouTube Statistics.csv' | sort -t',' -k3 -n -r | head -n 1 | cut -d',' -f2 >> ws3.txt
  565  grep "Education" 'Global YouTube Statistics.csv' | sort -t',' -k3 -n -r | head -n 1 | cut -d',' -f2 >> ws3.txt
  566  grep "Entertainment" 'Global YouTube Statistics.csv' | sort -t',' -k3 -n -r | head -n 1 | cut -d',' -f2 >> ws3.txt
  567  vi ws3.txt
  568  "United States" 'Global YouTube Statistics.csv' | sort -t',' -k16 -n -r | head -n 1 | cut -d',' -f2 > ws3.txt
  569  grep "United States" 'Global YouTube Statistics.csv' | sort -t',' -k16 -n -r | head -n 1 | cut -d',' -f2 > ws3.txt
  570  grep "United Kingdom" 'Global YouTube Statistics.csv' | sort -t',' -k16 -n -r | head -n 1 | cut -d',' -f2 >> ws3.txt
  571  grep "India" 'Global YouTube Statistics.csv' | sort -t',' -k16 -n -r | head -n 1 | cut -d',' -f2 >> ws3.tx
  572  grep "Sports" 'Global YouTube Statistics.csv' | sort -t',' -k3 -n -r | head -n 1 | cut -d',' -f2 > ws3.txt
  573  grep "Education" 'Global YouTube Statistics.csv' | sort -t',' -k3 -n -r | head -n 1 | cut -d',' -f2 >> ws3.txt
  574  grep "Entertainment" 'Global YouTube Statistics.csv' | sort -t',' -k3 -n -r | head -n 1 | cut -d',' -f2 > ws3.txt
  575  vi ws3.txt
  576  grep "Sports" 'Global YouTube Statistics.csv' | sort -t',' -k3 -n -r | head -n 1 | cut -d',' -f2 > ws3.txt
  577  grep "Education" 'Global YouTube Statistics.csv' | sort -t',' -k3 -n -r | head -n 1 | cut -d',' -f2 >> ws3.txt
  578  grep "United States" 'Global YouTube Statistics.csv' | sort -t',' -k16 -n -r | head -n 1 | cut -d',' -f2 > ws3.txt
  579  grep "United Kingdom" 'Global YouTube Statistics.csv' | sort -t',' -k16 -n -r | head -n 1 | cut -d',' -f2 >> ws3.txt
  580  grep "India" 'Global YouTube Statistics.csv' | sort -t',' -k16 -n -r | head -n 1 | cut -d',' -f2 >> ws3.tx
  581  grep "Sports" 'Global YouTube Statistics.csv' | sort -t',' -k3 -n -r | head -n 1 | cut -d',' -f2 > ws3.txt
  582  vi ws3.txt
  583  grep "United States" 'Global YouTube Statistics.csv' | sort -t',' -k16 -n -r | head -n 1 | cut -d',' -f2 > ws3.txt
  584  grep "Education" 'Global YouTube Statistics.csv' | sort -t',' -k3 -n -r | head -n 1 | cut -d',' -f2 >> ws3.txt
  585  grep "United States" 'Global YouTube Statistics.csv' | sort -t',' -k16 -n -r | head -n 1 | cut -d',' -f2 > ws3.txt
  586  grep "India" 'Global YouTube Statistics.csv' | sort -t',' -k16 -n -r | head -n 1 | cut -d',' -f2 >> ws3.tx
  587  grep "United States" 'Global YouTube Statistics.csv' | sort -t',' -k16 -n -r | head -n 1 | cut -d',' -f2 > ws3.txt
  588  grep "United Kingdom" 'Global YouTube Statistics.csv' | sort -t',' -k16 -n -r | head -n 1 | cut -d',' -f2 >> ws3.txt
  589  grep "India" 'Global YouTube Statistics.csv' | sort -t',' -k16 -n -r | head -n 1 | cut -d',' -f2 >> ws3.tx
  590  vi ws3.txt
  591  grep "India" 'Global YouTube Statistics.csv' | sort -t',' -k16 -n -r | head -n 1 | cut -d',' -f2 >> ws3.tx
  592  grep "India" 'Global YouTube Statistics.csv' | sort -t',' -k16 -n -r | head -n 1 | cut -d',' -f2 >> ws3.txt
  593  grep "Sports" 'Global YouTube Statistics.csv' | sort -t',' -k3 -n -r | head -n 1 | cut -d',' -f2 >> ws3.txt
  594  grep "Education" 'Global YouTube Statistics.csv' | sort -t',' -k3 -n -r | head -n 1 | cut -d',' -f2 >> ws3.txt
  595  grep "Entertainment" 'Global YouTube Statistics.csv' | sort -t',' -k3 -n -r | head -n 1 | cut -d',' -f2 >> ws3.txt
  596  vi ws3.txt
  597  history > cmds.log
  598  cd ..
  599  git add
  600  git add Worksheet3
  601  git status
  602  rm Worksheet3/ws3.tx
  603  cd Worksheet3
  604  ls
  605  cd >>
  606  cd ..
  607  git add Worksheet3
  608  git status
  609  git push origin master
  610  git commit -m "Add ws3.txt and cmds.log"
  611  git add Worksheet3
  612  git push origin master
  613  rm Worksheet3/.ws3.txt.swp
  614  Worksheet3/.ws3.txt.swp
  615  cd cs131
  616  cd Worksheet3
  617  grep "United States" 'Global YouTube Statistics.csv' 
  618  grep "United States" 'Global YouTube Statistics.csv' | sort -t',' -k16 -n | head -n 1 | cut -d',' -f2 > ws3.txt
  619  grep "United Kingdom" 'Global YouTube Statistics.csv' | sort -t',' -k16 -n | head -n 1 | cut -d',' -f2 >> ws3.txt
  620  grep "India" 'Global YouTube Statistics.csv' | sort -t',' -k16 -n | head -n 1 | cut -d',' -f2 >> ws3.txt
  621  grep "Sports" 'Global YouTube Statistics.csv' | sort -t',' -k3 -n | head -n 1 | cut -d',' -f2 >> ws3.txt
  622  grep "Education" 'Global YouTube Statistics.csv' | sort -t',' -k3 -n | head -n 1 | cut -d',' -f2 >> ws3.txt
  623  grep "Entertainment" 'Global YouTube Statistics.csv' | sort -t',' -k3 -n | head -n 1 | cut -d',' -f2 >> ws3.txt
  624  vi ws3.txt
  625  grep "United States" 'Global YouTube Statistics.csv' >>US.txt
  626  sort US.txt
  627  grep "United States" US.txt | sort -t',' -k16 -n | head -n 1 | cut -d',' -f2 > ws3.txt
  628  vi ws3.txt
  629  sort ws3.txt
  630  grep "Entertainment" ws3.txt | sort -t',' -k3 -n | head -n 1 | cut -d',' -f2 >> ws3.txt
  631  grep "Entertainment" '' | sort -t',' -k3 -ngrep "Entertainment" 'Global YouTube Statistics.csv' | sort -t',' -k3 -n -r | head -n 1 | cut -d',' -f2 >> ws3.txt | head -n 1 | cut -d',' -f2 >> ws3.txt
  632  grep "Entertainment" 'Global YouTube Statistics.csv' | sort -t',' -k3 -n -r | head -n 1 | cut -d',' -f2 >> ws3.txt
  633  sort
  634  sort ws3.txt
  635  grep "Education" 'Global YouTube Statistics.csv' | sort -t',' -k3 -n -r | head -n 1 | cut -d',' -f2 >> ws3.txt
  636  sort ws3.txt
  637  grep "Education" 'Global YouTube Statistics.csv' | sort -t',' -k3 -n | head -n 1 | cut -d',' -f2 >> ws3.txt
  638  sort ws3.txt
  639  grep "Education" 'Global YouTube Statistics.csv' | sort -t',' -k3 -r | head -n 1 | cut -d',' -f2 > ws3.txt
  640  sort ws3.txt
  641  grep "Education" 'Global YouTube Statistics.csv' > US.txt
  642  sort US.txt
  643  cut -d',' -f2 > US.txt
  644  grep "Education" Global\ YouTube\ Statistics.csv | sort -k3,3nr -t ',' | head -n 1 >> ws3.txt
  645  sort ws3.txt
  646  grep "Education" Global\ YouTube\ Statistics.csv | sort -k3,3nr -t ',' | head -n 1 | cut -d',' -f2  > ws3.txt
  647  sort ws3.txt
  648  rep "Education" Global\ YouTube\ Statistics.csv | sort -k3,3nr -t ',' | head -n 1 | cut -d',' -f2  > ws3.txt
  649  cd Worksheet3
  650  cd cs131
  651  cd Worksheet3
  652  grep "United States" Global\ YouTube\ Statistics.csv | sort -k16,16nr -t ',' | head -n 1 | cut -d',' -f2  > ws3.txt
  653  vi ws3.txt
  654  grep "United Kingdom" Global\ YouTube\ Statistics.csv | sort -k16,16nr -t ',' | head -n 1 | cut -d',' -f2 >> ws3.txt
  655  sort ws3.txt
  656  grep "India" Global\ YouTube\ Statistics.csv | sort -k16,16nr -t ',' | head -n 1 | cut -d',' -f2 >> ws3.txt
  657  sort ws3.txt
  658  grep "Sports" Global\ YouTube\ Statistics.csv | sort -k3,3nr -t ',' | head -n 1 | cut -d',' -f2 >> ws3.txt
  659  sort ws3.txt
  660  grep "Education" Global\ YouTube\ Statistics.csv | sort -k3,3nr -t ',' | head -n 1 | cut -d',' -f2 >> ws3.txt
  661  sort ws3.txt
  662  vi ws3.txt
  663  grep "Entertainment" Global\ YouTube\ Statistics.csv | sort -k3,3nr -t ',' | head -n 1 | cut -d',' -f2 >> ws3.txt
  664  vi ws3.txt
  665  cd ..
  666  cd add Worksheet3
  667  git add Worksheet3
  668  git status
  669  cd Worksheet3
  670  cd ..
  671  git commit -m "Add ws3.txt and cmds.log"
  672  git push --set-upstream origin master
  673  cd cs131
  674  cd Assignment1
  675  ls
  676  cd Assingment1
  677  cd cs131
  678  cd Assignment1
  679  ​​ssh hamzaf23@172.20.25.9
  680  echo $SHELL
  681  echo $HOME
  682  cd ..
  683  echo $HOME
  684  id
  685  cd Assingment1
  686  cd Assignment1
  687  id
  688  ls
  689  cd myDir
  690  rm myDir
  691  rmdir myDir
  692  mkdir myDir
  693  chmod u-w myDir
  694  chmod u -w myDir
  695  cd myDir
  696  mkdir i
  697  ls
  698  ls -l
  699  cd ..
  700  mv myDir2 myDir3
  701  ls
  702  cd myDir2
  703  cd myDir3
  704  ls
  705  cd myDir2
  706  ls
  707  cd ..
  708  mkdir myDir2
  709  rmdir myDir2
  710  ls
  711  cd ..
  712  ls
  713  rmdir myDir3
  714  ls
  715  mkdir myDir2
  716  mkdir myDir3
  717  cd myDir2
  718  touch myDir2/myFile.txt
  719  touch myFile.txt
  720  cd ..
  721  mv myDir2 myDir3
  722  l
  723  ls
  724  cd myDir3
  725  cd myDir2
  726  ls
  727  cd ..
  728  free -m
  729  cat /etc/os-release
  730  ls -l /etc/os-release
  731  vi Assignment1.txt 
  732  vi Total Memory: 71367 MiB
  733  vi Assignment1.txt
  734  cd ..
  735  git add Assignment1
  736  git status
  737  cd Assignment1
  738  history > cmds.loh
  739  history > cmds.log
  740  cd ..
  741  git add Assignment1
  742  git status
  743  cd Assignment1
  744  git commit -m "Added Assignment1 and cmds.log"
  745  git push origin master
  746  cd cs131
  747  cd cs131
  748  cd Assignment1
  749  cd myDir3
  750  rmdir myDir2
  751  rm myDir2
  752  cd myDir2
  753  ls
  754  rm myFile.txt
  755  cd ..
  756  rm myDir2
  757  rmdir myDir2
  758  cd ..
  759  mkdir myDir2
  760  mkdir myDir3
  761  ls
  762  rmdir myDir3
  763  ls
  764  myDir3
  765  mkdir myDir3
  766  ls
  767  cd myDir2
  768  touch myFile.txt
  769  ls
  770  mv myFile.txt myDir3
  771  la
  772  ls
  773  cd ..
  774  ls
  775  cd myDir3
  776  ls
  777  cd ..
  778  cd myDir2
  779  ls
  780  rmdir myDir3
  781  rm myDir3
  782  ls
  783  touch myFiletxt
  784  rm myFiletxt
  785  ls
  786  touch myFile.txt
  787  ls
  788  mv myFile.txt Assignment1/myDir3
  789  cd ..
  790  mv myFile.txt myDir3
  791  cd myDir2
  792  mv myFile.txt ~/Assignment1/myDir3/
  793  cd ..
  794  mv myFile.txt ~/Assignment1/myDir3/
  795  mv myDir2/myFile.txt myDir3
  796  ls
  797  cd myDir2
  798  ls
  799  cd ..
  800  cd myDir3
  801  ls
  802  cd ..
  803  git add Assignment1
  804  git status
  805  cd Assignment1
  806  ls
  807  rm cmds.loh
  808  history > cmds.log
  809  vi Assignment.txt
  810  rm Assignment.txt
  811  ls
  812  cd Assignment1.txt
  813  vi Assignment1.txt
  814  /etc/password
  815  vi Assignment1.txt
  816  cd ..
  817  git add
  818  git add Assignment1
  819  git stauts
  820  git status
  821  cd Assignment1
  822  ls
  823  cd myDir2
  824  ls
  825  cd ..
  826  cd myDir3
  827  ls
  828  cd ..
  829  git add Assignment1
  830  git status
  831  cd Assignment1
  832  history > cmds.log
  833  cd ..
  834  git add Assignment1
  835  ls
  836  git commit -m "Add Assignment1 and cmds.log"
  837  cd Assignment1
  838  cd myDir3
  839  ls
  840  rmdir myDir2
  841  rm myDir2
  842  cd ..
  843  git add Assignment1
  844  git commit -m "Add Assignment1"
  845  git add Assignment1
  846  git status
  847  l
  848  ls
  849  git commit -m"Add Assignt1.txt"
  850  git add .
  851  git status
  852  git add Assignment1
  853  git status
  854  git commit -m"add Assignment"
  855  git push origin master
  856  git add Assignment1
  857  git status
  858  cd Assignment1
  859  git commit -m"add Assignment1"
  860  ls
  861  git push origin master
  862  cd myDir2
  863  cd..
  864  cd ..
  865  mkdir myDir2
  866  ls
  867  cd ..
  868  ls
  869  git add Assignment1
  870  git status
  871  git commit -m"add Assignment1"
  872  cd Assignment1
  873  mkdir Mydir4
  874  rmdir Mydir4
  875  cd ..
  876  cd Assignment
  877  cd Assignment1
  878  ls
  879  history > cmds.log
  880  ls
  881  cd ..
  882  git add Assignment1
  883  git status
  884  cd Assignment1
  885  git commit -m"add Assignment1"
  886  git push origin master
  887  cd myDir2
  888  ls
  889  cd ..
  890  myDir2
  891  cd myDir2
  892  git push origin master
  893  cd ..
  894  cd ..script capture.log
  895  script capture.log
  896  u
  897  cd ..
  898  cd
  899  stop
  900  cat capture.log
  901  vi ws4.txt
  902  l
  903  w
  904  grep "United States" 'Global YouTube Statistics.csv' | cut -d ',' -f3 >  Subscribers/United_States.txt
  905  grep "India" 'Global YouTube Statistics.csv' | cut -d ',' -f3 >  Subscribers/India.txt
  906  awk '{ total += $1 } END { print total / NR }' Subscribers/United_States.txt > ws4_means.txt
  907  awk '{ total += $1 } END { print total / NR }' Subscribers/India.txt > ws4_means.txt
  908  awk '{ total += $1 } END { print total / NR }' Subscribers/United_States.txt >> ws4_means.txt
  909  awk '{ total += $1 } END { print total / NR }' Subscribers/United_States.txt > ws4_means.txt
  910  awk '{ total += $1 } END { print total / NR }' Subscribers/India.txt >> ws4_means.txt
  911  vi ws4.txt
  912  vi ws4_means.txt
  913  vi Subscribers/India.txt
  914  l
  915  w
  916  wget https://raw.githubusercontent.com/khanchandaniashish/CS131/main/Global%20YouTube%20Statistics.csv
  917  mkdir Subscribers
  918  head - 1 'Global YouTube Statistics.csv'
  919  head -n 1 Global YouTube Statistics.csv' | grep -i "Subscribers"
  920  h
  921  done
  922  sto
  923  stop
  924  grep "United States" 'Global YouTube Statistics.csv' | -f3 >  Subscribers/United_States.txt
  925  grep "United States" 'Global YouTube Statistics.csv' | cut -d ',' -f3 >  Subscribers/United_States.txt
  926  grep "United States" 'Global YouTube Statistics.csv' | cut -d ',' -f3 >  Subscribers/India.txt
  927  grep "India" 'Global YouTube Statistics.csv' | cut -d ',' -f3 >  Subscribers/India.txt
  928  awk '{ total += $1 } END { print total / NR }' Subscribers/United_States.txt > ws4.txt
  929  awk '{ total += $1 } END { print total / NR }' Subscribers/India.txt >> ws4.txt
  930  vi ~/.bashrc
  931  cat Subscribers/United_States.txt | paste -sd+ - | bc -l
  932  vi ws4.txt
  933  awk '{ total += $1 } END { print total / NR }' Subscribers/United_States.txt > ws4_means.txt
  934  awk '{ total += $1 } END { print total / NR }' Subscribers/India.txt >> ws4_means.txt
  935  vi ws4_means.txt
  936  cat ~/cs131/Worksheet4/Subscribers/United_States.txt | paste -sd+ - | bc -l > ~/cs131/Worksheet4/ws4_means.txt
  937  vi United_States.txt
  938  vi Subscribers/United_States.txt
  939  cat Subscribers/United_States.txt | paste -sd+ - | bc -l > ws4_means.txt
  940  vi ws4_means.txt
  941  echo Subscribers/United_States.txt | bc
  942  bc
  943  awk '{ total += $1 } END { print total / NR }' Subscribers/India.txt >> ws4_means.txt
  944  awk '{ total += $1 } END { print total / NR }' Subscribers/United_States.txt > ws4.txt
  945  awk '{ total += $1 } END { print total / NR }' Subscribers/India.txt >> ws4_means.txt
  946  vi ws4_means.txt
  947  awk '{ total += $1 } END { print total / NR }' Subscribers/United_States.txt > ws4_means.txt
  948  awk '{ total += $1 } END { print total / NR }' Subscribers/India.txt >> ws4_means.txt
  949  vi ws4.txt
  950  script ws4.txt
  951  :w
  952  exut
  953  exit
  954  cd cs131
  955  ls
  956  rmkdir ws4.txt
  957  rm ws4.txt
  958  ls
  959  cd Worksheet4
  960  ls
  961  nano ~/.bashrc
  962  l
  963  nano ~/.bashrc
  964  script ws4.txt
  965  cd cs131
  966  ls
  967  git add Worksheet4
  968  cd Worksheet4
  969  ls
  970  cd Subscribers
  971  ls
  972  cd ..
  973  cat ws4_means.txt
  974  cat ws4.txt
  975  cd ..
  976  cd cs131
  977  ls
  978  mkdir Worksheet4
  979  script ws4.txt
  980  nano ~/.bashrc
  981  l
  982  w
  983  l
  984  nano ~/.bashrc
  985  source ~/.bashrc
  986  l
  987  w
  988  wget https://raw.githubusercontent.com/khanchandaniashish/CS131/main/Global%20YouTube%20Statistics.csv
  989  cd ..
  990  cd cs131
  991  cd cs131
  992  cd Worksheet4
  993  git commit -m"Add Worksheet4"
  994  git push origin master
  995  cd cs131
  996  cd Worksheet4
  997  history > cmds.log
